{"/home/travis/build/npmtest/node-npmtest-wunderlist/test.js":{"path":"/home/travis/build/npmtest/node-npmtest-wunderlist/test.js","s":{"1":2,"2":2,"3":2,"4":2,"5":2,"6":2,"7":2,"8":1,"9":2,"10":2,"11":1,"12":1,"13":1,"14":1,"15":2,"16":2,"17":2,"18":2,"19":1,"20":1,"21":2,"22":2,"23":2,"24":1,"25":1,"26":1,"27":1,"28":1,"29":1,"30":1,"31":1,"32":1,"33":1,"34":1,"35":1,"36":1,"37":1,"38":1,"39":2,"40":2,"41":1,"42":2,"43":2,"44":1,"45":2,"46":2,"47":1,"48":2,"49":2,"50":1,"51":1,"52":1,"53":1,"54":1},"b":{"1":[2,1,1,1],"2":[1,1,1,1],"3":[1,1],"4":[1,1],"5":[1,1],"6":[1,1],"7":[1,1],"8":[1,1],"9":[1,1],"10":[1,1,1],"11":[1,1],"12":[1,1],"13":[1,1],"14":[1,1],"15":[1,1],"16":[1,1],"17":[1,1]},"f":{"1":2,"2":2,"3":2,"4":2,"5":2,"6":1,"7":1,"8":1,"9":2,"10":2,"11":2,"12":2,"13":1},"fnMap":{"1":{"name":"(anonymous_1)","line":12,"loc":{"start":{"line":12,"column":1},"end":{"line":12,"column":13}}},"2":{"name":"(anonymous_2)","line":19,"loc":{"start":{"line":19,"column":5},"end":{"line":19,"column":17}}},"3":{"name":"(anonymous_3)","line":23,"loc":{"start":{"line":23,"column":24},"end":{"line":23,"column":36}}},"4":{"name":"(anonymous_4)","line":61,"loc":{"start":{"line":61,"column":5},"end":{"line":61,"column":17}}},"5":{"name":"(anonymous_5)","line":82,"loc":{"start":{"line":82,"column":5},"end":{"line":82,"column":17}}},"6":{"name":"(anonymous_6)","line":91,"loc":{"start":{"line":91,"column":77},"end":{"line":94,"column":10}}},"7":{"name":"(anonymous_7)","line":112,"loc":{"start":{"line":112,"column":83},"end":{"line":115,"column":10}},"skip":true},"8":{"name":"(anonymous_8)","line":123,"loc":{"start":{"line":123,"column":77},"end":{"line":126,"column":10}},"skip":true},"9":{"name":"(anonymous_9)","line":139,"loc":{"start":{"line":139,"column":12},"end":{"line":139,"column":40}},"skip":true},"10":{"name":"(anonymous_10)","line":147,"loc":{"start":{"line":147,"column":77},"end":{"line":150,"column":10}},"skip":true},"11":{"name":"(anonymous_11)","line":158,"loc":{"start":{"line":158,"column":83},"end":{"line":161,"column":10}},"skip":true},"12":{"name":"(anonymous_12)","line":169,"loc":{"start":{"line":169,"column":79},"end":{"line":172,"column":10}},"skip":true},"13":{"name":"(anonymous_13)","line":180,"loc":{"start":{"line":180,"column":75},"end":{"line":183,"column":10}},"skip":true}},"statementMap":{"1":{"start":{"line":12,"column":0},"end":{"line":195,"column":5}},"2":{"start":{"line":14,"column":4},"end":{"line":14,"column":14}},"3":{"start":{"line":19,"column":4},"end":{"line":56,"column":9}},"4":{"start":{"line":21,"column":8},"end":{"line":21,"column":19}},"5":{"start":{"line":23,"column":8},"end":{"line":35,"column":13}},"6":{"start":{"line":24,"column":12},"end":{"line":34,"column":13}},"7":{"start":{"line":25,"column":16},"end":{"line":28,"column":30}},"8":{"start":{"line":30,"column":16},"end":{"line":33,"column":27}},"9":{"start":{"line":37,"column":8},"end":{"line":39,"column":21}},"10":{"start":{"line":40,"column":8},"end":{"line":53,"column":9}},"11":{"start":{"line":43,"column":12},"end":{"line":46,"column":14}},"12":{"start":{"line":47,"column":12},"end":{"line":47,"column":18}},"13":{"start":{"line":50,"column":12},"end":{"line":51,"column":46}},"14":{"start":{"line":52,"column":12},"end":{"line":52,"column":18}},"15":{"start":{"line":55,"column":8},"end":{"line":55,"column":35}},"16":{"start":{"line":61,"column":4},"end":{"line":63,"column":9}},"17":{"start":{"line":62,"column":8},"end":{"line":62,"column":15}},"18":{"start":{"line":64,"column":4},"end":{"line":77,"column":5}},"19":{"start":{"line":70,"column":8},"end":{"line":70,"column":14}},"20":{"start":{"line":76,"column":8},"end":{"line":76,"column":14}},"21":{"start":{"line":82,"column":4},"end":{"line":84,"column":9}},"22":{"start":{"line":83,"column":8},"end":{"line":83,"column":15}},"23":{"start":{"line":85,"column":4},"end":{"line":194,"column":5}},"24":{"start":{"line":91,"column":8},"end":{"line":99,"column":10}},"25":{"start":{"line":98,"column":12},"end":{"line":98,"column":35}},"26":{"start":{"line":102,"column":8},"end":{"line":104,"column":63}},"27":{"start":{"line":105,"column":8},"end":{"line":105,"column":14}},"28":{"start":{"line":112,"column":8},"end":{"line":121,"column":10},"skip":true},"29":{"start":{"line":119,"column":12},"end":{"line":119,"column":55},"skip":true},"30":{"start":{"line":120,"column":12},"end":{"line":120,"column":48},"skip":true},"31":{"start":{"line":123,"column":8},"end":{"line":136,"column":10},"skip":true},"32":{"start":{"line":130,"column":12},"end":{"line":130,"column":76},"skip":true},"33":{"start":{"line":131,"column":12},"end":{"line":131,"column":73},"skip":true},"34":{"start":{"line":132,"column":12},"end":{"line":132,"column":74},"skip":true},"35":{"start":{"line":133,"column":12},"end":{"line":133,"column":79},"skip":true},"36":{"start":{"line":134,"column":12},"end":{"line":134,"column":25},"skip":true},"37":{"start":{"line":135,"column":12},"end":{"line":135,"column":45},"skip":true},"38":{"start":{"line":138,"column":8},"end":{"line":145,"column":14},"skip":true},"39":{"start":{"line":143,"column":16},"end":{"line":143,"column":29},"skip":true},"40":{"start":{"line":144,"column":16},"end":{"line":144,"column":55},"skip":true},"41":{"start":{"line":147,"column":8},"end":{"line":156,"column":10},"skip":true},"42":{"start":{"line":154,"column":12},"end":{"line":154,"column":25},"skip":true},"43":{"start":{"line":155,"column":12},"end":{"line":155,"column":45},"skip":true},"44":{"start":{"line":158,"column":8},"end":{"line":167,"column":10},"skip":true},"45":{"start":{"line":165,"column":12},"end":{"line":165,"column":25},"skip":true},"46":{"start":{"line":166,"column":12},"end":{"line":166,"column":48},"skip":true},"47":{"start":{"line":169,"column":8},"end":{"line":178,"column":10},"skip":true},"48":{"start":{"line":176,"column":12},"end":{"line":176,"column":25},"skip":true},"49":{"start":{"line":177,"column":12},"end":{"line":177,"column":46},"skip":true},"50":{"start":{"line":180,"column":8},"end":{"line":189,"column":10},"skip":true},"51":{"start":{"line":187,"column":12},"end":{"line":187,"column":94},"skip":true},"52":{"start":{"line":188,"column":12},"end":{"line":188,"column":48},"skip":true},"53":{"start":{"line":192,"column":8},"end":{"line":192,"column":35},"skip":true},"54":{"start":{"line":193,"column":8},"end":{"line":193,"column":14},"skip":true}},"branchMap":{"1":{"line":25,"type":"binary-expr","locations":[{"start":{"line":25,"column":23},"end":{"line":25,"column":62}},{"start":{"line":26,"column":20},"end":{"line":26,"column":70}},{"start":{"line":27,"column":20},"end":{"line":27,"column":71}},{"start":{"line":28,"column":20},"end":{"line":28,"column":29}}]},"2":{"line":30,"type":"binary-expr","locations":[{"start":{"line":30,"column":23},"end":{"line":30,"column":37}},{"start":{"line":31,"column":20},"end":{"line":31,"column":61}},{"start":{"line":32,"column":20},"end":{"line":32,"column":70}},{"start":{"line":33,"column":20},"end":{"line":33,"column":26}}]},"3":{"line":37,"type":"cond-expr","locations":[{"start":{"line":38,"column":14},"end":{"line":38,"column":20}},{"start":{"line":39,"column":14},"end":{"line":39,"column":20}}]},"4":{"line":40,"type":"switch","locations":[{"start":{"line":42,"column":8},"end":{"line":47,"column":18}},{"start":{"line":49,"column":8},"end":{"line":52,"column":18}}]},"5":{"line":44,"type":"binary-expr","locations":[{"start":{"line":44,"column":16},"end":{"line":44,"column":44}},{"start":{"line":44,"column":48},"end":{"line":44,"column":66}}]},"6":{"line":50,"type":"binary-expr","locations":[{"start":{"line":50,"column":21},"end":{"line":50,"column":49}},{"start":{"line":50,"column":53},"end":{"line":50,"column":72}}]},"7":{"line":64,"type":"switch","locations":[{"start":{"line":69,"column":4},"end":{"line":70,"column":14}},{"start":{"line":75,"column":4},"end":{"line":76,"column":14}}]},"8":{"line":85,"type":"switch","locations":[{"start":{"line":90,"column":4},"end":{"line":105,"column":14}},{"start":{"line":111,"column":4},"end":{"line":193,"column":14},"skip":true}]},"9":{"line":91,"type":"binary-expr","locations":[{"start":{"line":91,"column":42},"end":{"line":91,"column":73}},{"start":{"line":91,"column":77},"end":{"line":99,"column":9}}]},"10":{"line":102,"type":"binary-expr","locations":[{"start":{"line":102,"column":18},"end":{"line":102,"column":32}},{"start":{"line":103,"column":12},"end":{"line":103,"column":53}},{"start":{"line":104,"column":12},"end":{"line":104,"column":61}}]},"11":{"line":112,"type":"binary-expr","locations":[{"start":{"line":112,"column":45},"end":{"line":112,"column":79},"skip":true},{"start":{"line":112,"column":83},"end":{"line":121,"column":9},"skip":true}]},"12":{"line":123,"type":"binary-expr","locations":[{"start":{"line":123,"column":42},"end":{"line":123,"column":73},"skip":true},{"start":{"line":123,"column":77},"end":{"line":136,"column":9},"skip":true}]},"13":{"line":138,"type":"binary-expr","locations":[{"start":{"line":138,"column":48},"end":{"line":138,"column":85},"skip":true},{"start":{"line":139,"column":12},"end":{"line":145,"column":13},"skip":true}]},"14":{"line":147,"type":"binary-expr","locations":[{"start":{"line":147,"column":42},"end":{"line":147,"column":73},"skip":true},{"start":{"line":147,"column":77},"end":{"line":156,"column":9},"skip":true}]},"15":{"line":158,"type":"binary-expr","locations":[{"start":{"line":158,"column":45},"end":{"line":158,"column":79},"skip":true},{"start":{"line":158,"column":83},"end":{"line":167,"column":9},"skip":true}]},"16":{"line":169,"type":"binary-expr","locations":[{"start":{"line":169,"column":43},"end":{"line":169,"column":75},"skip":true},{"start":{"line":169,"column":79},"end":{"line":178,"column":9},"skip":true}]},"17":{"line":180,"type":"binary-expr","locations":[{"start":{"line":180,"column":41},"end":{"line":180,"column":71},"skip":true},{"start":{"line":180,"column":75},"end":{"line":189,"column":9},"skip":true}]}},"code":["/* istanbul instrument in package npmtest_wunderlist */","/*jslint","    bitwise: true,","    browser: true,","    maxerr: 8,","    maxlen: 96,","    node: true,","    nomen: true,","    regexp: true,","    stupid: true","*/","(function () {","    'use strict';","    var local;","","","","    // run shared js-env code - pre-init","    (function () {","        // init local","        local = {};","        // init modeJs","        local.modeJs = (function () {","            try {","                return typeof navigator.userAgent === 'string' &&","                    typeof document.querySelector('body') === 'object' &&","                    typeof XMLHttpRequest.prototype.open === 'function' &&","                    'browser';","            } catch (errorCaughtBrowser) {","                return module.exports &&","                    typeof process.versions.node === 'string' &&","                    typeof require('http').createServer === 'function' &&","                    'node';","            }","        }());","        // init global","        local.global = local.modeJs === 'browser'","            ? window","            : global;","        switch (local.modeJs) {","        // re-init local from window.local","        case 'browser':","            local = local.global.utility2.objectSetDefault(","                local.global.utility2_rollup || local.global.local,","                local.global.utility2","            );","            break;","        // re-init local from example.js","        case 'node':","            local = (local.global.utility2_rollup || require('utility2'))","                .requireExampleJsFromReadme();","            break;","        }","        // export local","        local.global.local = local;","    }());","","","","    // run shared js-env code - function","    (function () {","        return;","    }());","    switch (local.modeJs) {","","","","    // run browser js-env code - function","    case 'browser':","        break;","","","","    // run node js-env code - function","    case 'node':","        break;","    }","","","","    // run shared js-env code - post-init","    (function () {","        return;","    }());","    switch (local.modeJs) {","","","","    // run browser js-env code - post-init","    case 'browser':","        local.testCase_browser_nullCase = local.testCase_browser_nullCase || function (","            options,","            onError","        ) {","        /*","         * this function will test browsers's null-case handling-behavior-behavior","         */","            onError(null, options);","        };","","        // run tests","        local.nop(local.modeTest &&","            document.querySelector('#testRunButton1') &&","            document.querySelector('#testRunButton1').click());","        break;","","","","    // run node js-env code - post-init","    /* istanbul ignore next */","    case 'node':","        local.testCase_buildApidoc_default = local.testCase_buildApidoc_default || function (","            options,","            onError","        ) {","        /*","         * this function will test buildApidoc's default handling-behavior-behavior","         */","            options = { modulePathList: module.paths };","            local.buildApidoc(options, onError);","        };","","        local.testCase_buildApp_default = local.testCase_buildApp_default || function (","            options,","            onError","        ) {","        /*","         * this function will test buildApp's default handling-behavior-behavior","         */","            local.testCase_buildReadme_default(options, local.onErrorThrow);","            local.testCase_buildLib_default(options, local.onErrorThrow);","            local.testCase_buildTest_default(options, local.onErrorThrow);","            local.testCase_buildCustomOrg_default(options, local.onErrorThrow);","            options = [];","            local.buildApp(options, onError);","        };","","        local.testCase_buildCustomOrg_default = local.testCase_buildCustomOrg_default ||","            function (options, onError) {","            /*","             * this function will test buildCustomOrg's default handling-behavior","             */","                options = {};","                local.buildCustomOrg(options, onError);","            };","","        local.testCase_buildLib_default = local.testCase_buildLib_default || function (","            options,","            onError","        ) {","        /*","         * this function will test buildLib's default handling-behavior","         */","            options = {};","            local.buildLib(options, onError);","        };","","        local.testCase_buildReadme_default = local.testCase_buildReadme_default || function (","            options,","            onError","        ) {","        /*","         * this function will test buildReadme's default handling-behavior-behavior","         */","            options = {};","            local.buildReadme(options, onError);","        };","","        local.testCase_buildTest_default = local.testCase_buildTest_default || function (","            options,","            onError","        ) {","        /*","         * this function will test buildTest's default handling-behavior","         */","            options = {};","            local.buildTest(options, onError);","        };","","        local.testCase_webpage_default = local.testCase_webpage_default || function (","            options,","            onError","        ) {","        /*","         * this function will test webpage's default handling-behavior","         */","            options = { modeCoverageMerge: true, url: local.serverLocalHost + '?modeTest=1' };","            local.browserTest(options, onError);","        };","","        // run test-server","        local.testRunServer(local);","        break;","    }","}());",""],"l":{"12":2,"14":2,"19":2,"21":2,"23":2,"24":2,"25":2,"30":1,"37":2,"40":2,"43":1,"47":1,"50":1,"52":1,"55":2,"61":2,"62":2,"64":2,"70":1,"76":1,"82":2,"83":2,"85":2,"91":1,"98":1,"102":1,"105":1,"112":1,"119":1,"120":1,"123":1,"130":1,"131":1,"132":1,"133":1,"134":1,"135":1,"138":1,"143":2,"144":2,"147":1,"154":2,"155":2,"158":1,"165":2,"166":2,"169":1,"176":2,"177":2,"180":1,"187":1,"188":1,"192":1,"193":1}},"/home/travis/build/npmtest/node-npmtest-wunderlist/lib.npmtest_wunderlist.js":{"path":"/home/travis/build/npmtest/node-npmtest-wunderlist/lib.npmtest_wunderlist.js","s":{"1":2,"2":2,"3":2,"4":2,"5":2,"6":2,"7":2,"8":1,"9":2,"10":2,"11":2,"12":2,"13":1,"14":1,"15":1,"16":1},"b":{"1":[2,1,1,1],"2":[1,1,1,1],"3":[1,1],"4":[2,2],"5":[1,1]},"f":{"1":2,"2":2,"3":2},"fnMap":{"1":{"name":"(anonymous_1)","line":12,"loc":{"start":{"line":12,"column":1},"end":{"line":12,"column":13}}},"2":{"name":"(anonymous_2)","line":19,"loc":{"start":{"line":19,"column":5},"end":{"line":19,"column":17}}},"3":{"name":"(anonymous_3)","line":23,"loc":{"start":{"line":23,"column":24},"end":{"line":23,"column":36}}}},"statementMap":{"1":{"start":{"line":12,"column":0},"end":{"line":53,"column":5}},"2":{"start":{"line":14,"column":4},"end":{"line":14,"column":14}},"3":{"start":{"line":19,"column":4},"end":{"line":52,"column":9}},"4":{"start":{"line":21,"column":8},"end":{"line":21,"column":19}},"5":{"start":{"line":23,"column":8},"end":{"line":35,"column":13}},"6":{"start":{"line":24,"column":12},"end":{"line":34,"column":13}},"7":{"start":{"line":25,"column":16},"end":{"line":28,"column":30}},"8":{"start":{"line":30,"column":16},"end":{"line":33,"column":27}},"9":{"start":{"line":37,"column":8},"end":{"line":39,"column":21}},"10":{"start":{"line":41,"column":8},"end":{"line":41,"column":54}},"11":{"start":{"line":43,"column":8},"end":{"line":43,"column":55}},"12":{"start":{"line":45,"column":8},"end":{"line":51,"column":9}},"13":{"start":{"line":46,"column":12},"end":{"line":46,"column":61}},"14":{"start":{"line":48,"column":12},"end":{"line":48,"column":35}},"15":{"start":{"line":49,"column":12},"end":{"line":49,"column":49}},"16":{"start":{"line":50,"column":12},"end":{"line":50,"column":43}}},"branchMap":{"1":{"line":25,"type":"binary-expr","locations":[{"start":{"line":25,"column":23},"end":{"line":25,"column":62}},{"start":{"line":26,"column":20},"end":{"line":26,"column":70}},{"start":{"line":27,"column":20},"end":{"line":27,"column":71}},{"start":{"line":28,"column":20},"end":{"line":28,"column":29}}]},"2":{"line":30,"type":"binary-expr","locations":[{"start":{"line":30,"column":23},"end":{"line":30,"column":37}},{"start":{"line":31,"column":20},"end":{"line":31,"column":61}},{"start":{"line":32,"column":20},"end":{"line":32,"column":70}},{"start":{"line":33,"column":20},"end":{"line":33,"column":26}}]},"3":{"line":37,"type":"cond-expr","locations":[{"start":{"line":38,"column":14},"end":{"line":38,"column":20}},{"start":{"line":39,"column":14},"end":{"line":39,"column":20}}]},"4":{"line":41,"type":"binary-expr","locations":[{"start":{"line":41,"column":16},"end":{"line":41,"column":44}},{"start":{"line":41,"column":48},"end":{"line":41,"column":53}}]},"5":{"line":45,"type":"if","locations":[{"start":{"line":45,"column":8},"end":{"line":45,"column":8}},{"start":{"line":45,"column":8},"end":{"line":45,"column":8}}]}},"code":["/* istanbul instrument in package npmtest_wunderlist */","/*jslint","    bitwise: true,","    browser: true,","    maxerr: 8,","    maxlen: 96,","    node: true,","    nomen: true,","    regexp: true,","    stupid: true","*/","(function () {","    'use strict';","    var local;","","","","    // run shared js-env code - pre-init","    (function () {","        // init local","        local = {};","        // init modeJs","        local.modeJs = (function () {","            try {","                return typeof navigator.userAgent === 'string' &&","                    typeof document.querySelector('body') === 'object' &&","                    typeof XMLHttpRequest.prototype.open === 'function' &&","                    'browser';","            } catch (errorCaughtBrowser) {","                return module.exports &&","                    typeof process.versions.node === 'string' &&","                    typeof require('http').createServer === 'function' &&","                    'node';","            }","        }());","        // init global","        local.global = local.modeJs === 'browser'","            ? window","            : global;","        // init utility2_rollup","        local = local.global.utility2_rollup || local;","        // init lib","        local.local = local.npmtest_wunderlist = local;","        // init exports","        if (local.modeJs === 'browser') {","            local.global.utility2_npmtest_wunderlist = local;","        } else {","            module.exports = local;","            module.exports.__dirname = __dirname;","            module.exports.module = module;","        }","    }());","}());",""],"l":{"12":2,"14":2,"19":2,"21":2,"23":2,"24":2,"25":2,"30":1,"37":2,"41":2,"43":2,"45":2,"46":1,"48":1,"49":1,"50":1}},"/home/travis/build/npmtest/node-npmtest-wunderlist/example.js":{"path":"/home/travis/build/npmtest/node-npmtest-wunderlist/example.js","s":{"1":2,"2":2,"3":2,"4":2,"5":2,"6":2,"7":2,"8":1,"9":2,"10":2,"11":2,"12":2,"13":1,"14":2,"15":2,"16":2,"17":2,"18":2,"19":0,"20":2,"21":1,"22":1,"23":1,"24":1,"25":1,"26":0,"27":0,"28":1,"29":1,"30":2,"31":0,"32":0,"33":0,"34":1,"35":2,"36":2,"37":3,"38":3,"39":3,"40":3,"41":0,"42":3,"43":3,"44":3,"45":1,"46":3,"47":1,"48":1,"49":1,"50":1,"51":1,"52":1,"53":1,"54":1,"55":1,"56":1,"57":0,"58":1,"59":6,"60":6,"61":1,"62":2,"63":0,"64":2,"65":1,"66":1,"67":0,"68":0,"69":0,"70":0,"71":0,"72":0,"73":0,"74":0,"75":0,"76":0,"77":0,"78":0,"79":0,"80":0,"81":0,"82":0,"83":0},"b":{"1":[2,1,1,1],"2":[1,1,1,1],"3":[1,1],"4":[2,2],"5":[1,1],"6":[1,1],"7":[2,0],"8":[2,1,1,1,1,1],"9":[0,2,0],"10":[1,1],"11":[2,1,1],"12":[1,0],"13":[0,2],"14":[2,0,0,0,0,0,0],"15":[0,3],"16":[3,0],"17":[1,1],"18":[0,1],"19":[1,2,0,2],"20":[1,0],"21":[1,1],"22":[0,0],"23":[0,0],"24":[0,0],"25":[0,0],"26":[0,0],"27":[0,0],"28":[0,0]},"f":{"1":2,"2":2,"3":2,"4":2,"5":2,"6":2,"7":3,"8":3,"9":3,"10":1,"11":6,"12":0},"fnMap":{"1":{"name":"(anonymous_1)","line":26,"loc":{"start":{"line":26,"column":1},"end":{"line":26,"column":13}}},"2":{"name":"(anonymous_2)","line":33,"loc":{"start":{"line":33,"column":5},"end":{"line":33,"column":17}}},"3":{"name":"(anonymous_3)","line":37,"loc":{"start":{"line":37,"column":24},"end":{"line":37,"column":36}}},"4":{"name":"(anonymous_4)","line":69,"loc":{"start":{"line":69,"column":31},"end":{"line":69,"column":48}},"skip":true},"5":{"name":"(anonymous_5)","line":78,"loc":{"start":{"line":78,"column":26},"end":{"line":78,"column":45}},"skip":true},"6":{"name":"(anonymous_6)","line":123,"loc":{"start":{"line":123,"column":33},"end":{"line":123,"column":48}},"skip":true},"7":{"name":"(anonymous_7)","line":125,"loc":{"start":{"line":125,"column":27},"end":{"line":125,"column":39}},"skip":true},"8":{"name":"(anonymous_8)","line":133,"loc":{"start":{"line":133,"column":59},"end":{"line":133,"column":74}},"skip":true},"9":{"name":"(anonymous_9)","line":143,"loc":{"start":{"line":143,"column":45},"end":{"line":143,"column":62}},"skip":true},"10":{"name":"(anonymous_10)","line":144,"loc":{"start":{"line":144,"column":73},"end":{"line":144,"column":92}},"skip":true},"11":{"name":"(anonymous_11)","line":272,"loc":{"start":{"line":272,"column":51},"end":{"line":272,"column":77}},"skip":true},"12":{"name":"(anonymous_12)","line":315,"loc":{"start":{"line":315,"column":32},"end":{"line":315,"column":61}},"skip":true}},"statementMap":{"1":{"start":{"line":26,"column":0},"end":{"line":326,"column":5}},"2":{"start":{"line":28,"column":4},"end":{"line":28,"column":14}},"3":{"start":{"line":33,"column":4},"end":{"line":60,"column":9}},"4":{"start":{"line":35,"column":8},"end":{"line":35,"column":19}},"5":{"start":{"line":37,"column":8},"end":{"line":49,"column":13}},"6":{"start":{"line":38,"column":12},"end":{"line":48,"column":13}},"7":{"start":{"line":39,"column":16},"end":{"line":42,"column":30}},"8":{"start":{"line":44,"column":16},"end":{"line":47,"column":27}},"9":{"start":{"line":51,"column":8},"end":{"line":53,"column":21}},"10":{"start":{"line":55,"column":8},"end":{"line":57,"column":45}},"11":{"start":{"line":59,"column":8},"end":{"line":59,"column":35}},"12":{"start":{"line":61,"column":4},"end":{"line":325,"column":5}},"13":{"start":{"line":69,"column":8},"end":{"line":121,"column":10},"skip":true},"14":{"start":{"line":70,"column":12},"end":{"line":88,"column":13},"skip":true},"15":{"start":{"line":76,"column":16},"end":{"line":87,"column":19},"skip":true},"16":{"start":{"line":79,"column":20},"end":{"line":86,"column":21},"skip":true},"17":{"start":{"line":82,"column":24},"end":{"line":82,"column":43},"skip":true},"18":{"start":{"line":83,"column":24},"end":{"line":83,"column":30},"skip":true},"19":{"start":{"line":85,"column":24},"end":{"line":85,"column":49},"skip":true},"20":{"start":{"line":89,"column":12},"end":{"line":107,"column":13},"skip":true},"21":{"start":{"line":92,"column":16},"end":{"line":102,"column":17},"skip":true},"22":{"start":{"line":93,"column":20},"end":{"line":93,"column":86},"skip":true},"23":{"start":{"line":94,"column":20},"end":{"line":95,"column":45},"skip":true},"24":{"start":{"line":96,"column":20},"end":{"line":96,"column":42},"skip":true},"25":{"start":{"line":97,"column":20},"end":{"line":97,"column":48},"skip":true},"26":{"start":{"line":100,"column":20},"end":{"line":100,"column":85},"skip":true},"27":{"start":{"line":101,"column":20},"end":{"line":101,"column":96},"skip":true},"28":{"start":{"line":103,"column":16},"end":{"line":103,"column":22},"skip":true},"29":{"start":{"line":106,"column":16},"end":{"line":106,"column":22},"skip":true},"30":{"start":{"line":108,"column":12},"end":{"line":120,"column":13},"skip":true},"31":{"start":{"line":114,"column":16},"end":{"line":119,"column":17},"skip":true},"32":{"start":{"line":116,"column":20},"end":{"line":116,"column":78},"skip":true},"33":{"start":{"line":118,"column":20},"end":{"line":118,"column":47},"skip":true},"34":{"start":{"line":123,"column":8},"end":{"line":141,"column":11},"skip":true},"35":{"start":{"line":124,"column":12},"end":{"line":124,"column":54},"skip":true},"36":{"start":{"line":125,"column":12},"end":{"line":140,"column":14},"skip":true},"37":{"start":{"line":126,"column":16},"end":{"line":126,"column":28},"skip":true},"38":{"start":{"line":127,"column":16},"end":{"line":127,"column":69},"skip":true},"39":{"start":{"line":128,"column":16},"end":{"line":128,"column":75},"skip":true},"40":{"start":{"line":129,"column":16},"end":{"line":131,"column":17},"skip":true},"41":{"start":{"line":130,"column":20},"end":{"line":130,"column":27},"skip":true},"42":{"start":{"line":133,"column":16},"end":{"line":137,"column":36},"skip":true},"43":{"start":{"line":134,"column":20},"end":{"line":136,"column":55},"skip":true},"44":{"start":{"line":139,"column":16},"end":{"line":139,"column":57},"skip":true},"45":{"start":{"line":143,"column":8},"end":{"line":147,"column":11},"skip":true},"46":{"start":{"line":144,"column":12},"end":{"line":146,"column":15},"skip":true},"47":{"start":{"line":145,"column":16},"end":{"line":145,"column":70},"skip":true},"48":{"start":{"line":149,"column":8},"end":{"line":149,"column":31},"skip":true},"49":{"start":{"line":150,"column":8},"end":{"line":150,"column":14},"skip":true},"50":{"start":{"line":158,"column":8},"end":{"line":158,"column":31},"skip":true},"51":{"start":{"line":160,"column":8},"end":{"line":160,"column":33},"skip":true},"52":{"start":{"line":161,"column":8},"end":{"line":161,"column":37},"skip":true},"53":{"start":{"line":162,"column":8},"end":{"line":162,"column":35},"skip":true},"54":{"start":{"line":164,"column":8},"end":{"line":164,"column":50},"skip":true},"55":{"start":{"line":166,"column":8},"end":{"line":256,"column":2},"skip":true},"56":{"start":{"line":258,"column":8},"end":{"line":286,"column":9},"skip":true},"57":{"start":{"line":259,"column":12},"end":{"line":269,"column":14},"skip":true},"58":{"start":{"line":271,"column":12},"end":{"line":285,"column":19},"skip":true},"59":{"start":{"line":274,"column":20},"end":{"line":274,"column":35},"skip":true},"60":{"start":{"line":275,"column":20},"end":{"line":284,"column":21},"skip":true},"61":{"start":{"line":277,"column":24},"end":{"line":277,"column":64},"skip":true},"62":{"start":{"line":279,"column":24},"end":{"line":279,"column":40},"skip":true},"63":{"start":{"line":281,"column":24},"end":{"line":281,"column":40},"skip":true},"64":{"start":{"line":283,"column":24},"end":{"line":283,"column":39},"skip":true},"65":{"start":{"line":288,"column":8},"end":{"line":290,"column":9},"skip":true},"66":{"start":{"line":289,"column":12},"end":{"line":289,"column":18},"skip":true},"67":{"start":{"line":291,"column":8},"end":{"line":293,"column":54},"skip":true},"68":{"start":{"line":296,"column":8},"end":{"line":301,"column":37},"skip":true},"69":{"start":{"line":303,"column":8},"end":{"line":303,"column":82},"skip":true},"70":{"start":{"line":306,"column":8},"end":{"line":308,"column":9},"skip":true},"71":{"start":{"line":307,"column":12},"end":{"line":307,"column":82},"skip":true},"72":{"start":{"line":310,"column":8},"end":{"line":312,"column":9},"skip":true},"73":{"start":{"line":311,"column":12},"end":{"line":311,"column":18},"skip":true},"74":{"start":{"line":313,"column":8},"end":{"line":313,"column":54},"skip":true},"75":{"start":{"line":314,"column":8},"end":{"line":314,"column":69},"skip":true},"76":{"start":{"line":315,"column":8},"end":{"line":323,"column":36},"skip":true},"77":{"start":{"line":316,"column":12},"end":{"line":316,"column":61},"skip":true},"78":{"start":{"line":317,"column":12},"end":{"line":320,"column":13},"skip":true},"79":{"start":{"line":318,"column":16},"end":{"line":318,"column":75},"skip":true},"80":{"start":{"line":319,"column":16},"end":{"line":319,"column":23},"skip":true},"81":{"start":{"line":321,"column":12},"end":{"line":321,"column":38},"skip":true},"82":{"start":{"line":322,"column":12},"end":{"line":322,"column":27},"skip":true},"83":{"start":{"line":324,"column":8},"end":{"line":324,"column":14},"skip":true}},"branchMap":{"1":{"line":39,"type":"binary-expr","locations":[{"start":{"line":39,"column":23},"end":{"line":39,"column":62}},{"start":{"line":40,"column":20},"end":{"line":40,"column":70}},{"start":{"line":41,"column":20},"end":{"line":41,"column":71}},{"start":{"line":42,"column":20},"end":{"line":42,"column":29}}]},"2":{"line":44,"type":"binary-expr","locations":[{"start":{"line":44,"column":23},"end":{"line":44,"column":37}},{"start":{"line":45,"column":20},"end":{"line":45,"column":61}},{"start":{"line":46,"column":20},"end":{"line":46,"column":70}},{"start":{"line":47,"column":20},"end":{"line":47,"column":26}}]},"3":{"line":51,"type":"cond-expr","locations":[{"start":{"line":52,"column":14},"end":{"line":52,"column":20}},{"start":{"line":53,"column":14},"end":{"line":53,"column":20}}]},"4":{"line":55,"type":"binary-expr","locations":[{"start":{"line":55,"column":16},"end":{"line":55,"column":44}},{"start":{"line":55,"column":49},"end":{"line":57,"column":43}}]},"5":{"line":55,"type":"cond-expr","locations":[{"start":{"line":56,"column":14},"end":{"line":56,"column":54}},{"start":{"line":57,"column":14},"end":{"line":57,"column":43}}]},"6":{"line":61,"type":"switch","locations":[{"start":{"line":68,"column":4},"end":{"line":150,"column":14},"skip":true},{"start":{"line":156,"column":4},"end":{"line":324,"column":14},"skip":true}]},"7":{"line":70,"type":"if","locations":[{"start":{"line":70,"column":12},"end":{"line":70,"column":12},"skip":true},{"start":{"line":70,"column":12},"end":{"line":70,"column":12},"skip":true}]},"8":{"line":70,"type":"binary-expr","locations":[{"start":{"line":70,"column":16},"end":{"line":70,"column":22},"skip":true},{"start":{"line":70,"column":27},"end":{"line":70,"column":32},"skip":true},{"start":{"line":71,"column":20},"end":{"line":71,"column":39},"skip":true},{"start":{"line":72,"column":20},"end":{"line":72,"column":49},"skip":true},{"start":{"line":73,"column":20},"end":{"line":73,"column":58},"skip":true},{"start":{"line":74,"column":20},"end":{"line":74,"column":69},"skip":true}]},"9":{"line":79,"type":"switch","locations":[{"start":{"line":80,"column":20},"end":{"line":80,"column":33},"skip":true},{"start":{"line":81,"column":20},"end":{"line":83,"column":30},"skip":true},{"start":{"line":84,"column":20},"end":{"line":85,"column":49},"skip":true}]},"10":{"line":89,"type":"switch","locations":[{"start":{"line":90,"column":12},"end":{"line":103,"column":22},"skip":true},{"start":{"line":105,"column":12},"end":{"line":106,"column":22},"skip":true}]},"11":{"line":89,"type":"binary-expr","locations":[{"start":{"line":89,"column":20},"end":{"line":89,"column":25},"skip":true},{"start":{"line":89,"column":29},"end":{"line":89,"column":48},"skip":true},{"start":{"line":89,"column":52},"end":{"line":89,"column":74},"skip":true}]},"12":{"line":92,"type":"if","locations":[{"start":{"line":92,"column":16},"end":{"line":92,"column":16},"skip":true},{"start":{"line":92,"column":16},"end":{"line":92,"column":16},"skip":true}]},"13":{"line":108,"type":"if","locations":[{"start":{"line":108,"column":12},"end":{"line":108,"column":12},"skip":true},{"start":{"line":108,"column":12},"end":{"line":108,"column":12},"skip":true}]},"14":{"line":108,"type":"binary-expr","locations":[{"start":{"line":108,"column":16},"end":{"line":108,"column":61},"skip":true},{"start":{"line":108,"column":66},"end":{"line":108,"column":72},"skip":true},{"start":{"line":108,"column":77},"end":{"line":108,"column":82},"skip":true},{"start":{"line":109,"column":20},"end":{"line":109,"column":39},"skip":true},{"start":{"line":110,"column":20},"end":{"line":110,"column":49},"skip":true},{"start":{"line":111,"column":20},"end":{"line":111,"column":58},"skip":true},{"start":{"line":112,"column":20},"end":{"line":112,"column":68},"skip":true}]},"15":{"line":129,"type":"if","locations":[{"start":{"line":129,"column":16},"end":{"line":129,"column":16},"skip":true},{"start":{"line":129,"column":16},"end":{"line":129,"column":16},"skip":true}]},"16":{"line":134,"type":"cond-expr","locations":[{"start":{"line":135,"column":26},"end":{"line":135,"column":29},"skip":true},{"start":{"line":136,"column":26},"end":{"line":136,"column":54},"skip":true}]},"17":{"line":164,"type":"binary-expr","locations":[{"start":{"line":164,"column":27},"end":{"line":164,"column":43},"skip":true},{"start":{"line":164,"column":47},"end":{"line":164,"column":49},"skip":true}]},"18":{"line":258,"type":"if","locations":[{"start":{"line":258,"column":8},"end":{"line":258,"column":8},"skip":true},{"start":{"line":258,"column":8},"end":{"line":258,"column":8},"skip":true}]},"19":{"line":275,"type":"switch","locations":[{"start":{"line":276,"column":20},"end":{"line":277,"column":64},"skip":true},{"start":{"line":278,"column":20},"end":{"line":279,"column":40},"skip":true},{"start":{"line":280,"column":20},"end":{"line":281,"column":40},"skip":true},{"start":{"line":282,"column":20},"end":{"line":283,"column":39},"skip":true}]},"20":{"line":288,"type":"if","locations":[{"start":{"line":288,"column":8},"end":{"line":288,"column":8},"skip":true},{"start":{"line":288,"column":8},"end":{"line":288,"column":8},"skip":true}]},"21":{"line":288,"type":"binary-expr","locations":[{"start":{"line":288,"column":12},"end":{"line":288,"column":40},"skip":true},{"start":{"line":288,"column":44},"end":{"line":288,"column":67},"skip":true}]},"22":{"line":292,"type":"binary-expr","locations":[{"start":{"line":292,"column":12},"end":{"line":292,"column":50},"skip":true},{"start":{"line":293,"column":12},"end":{"line":293,"column":53},"skip":true}]},"23":{"line":297,"type":"binary-expr","locations":[{"start":{"line":297,"column":12},"end":{"line":297,"column":68},"skip":true},{"start":{"line":298,"column":12},"end":{"line":301,"column":36},"skip":true}]},"24":{"line":303,"type":"binary-expr","locations":[{"start":{"line":303,"column":43},"end":{"line":303,"column":75},"skip":true},{"start":{"line":303,"column":79},"end":{"line":303,"column":81},"skip":true}]},"25":{"line":306,"type":"if","locations":[{"start":{"line":306,"column":8},"end":{"line":306,"column":8},"skip":true},{"start":{"line":306,"column":8},"end":{"line":306,"column":8},"skip":true}]},"26":{"line":310,"type":"if","locations":[{"start":{"line":310,"column":8},"end":{"line":310,"column":8},"skip":true},{"start":{"line":310,"column":8},"end":{"line":310,"column":8},"skip":true}]},"27":{"line":313,"type":"binary-expr","locations":[{"start":{"line":313,"column":27},"end":{"line":313,"column":43},"skip":true},{"start":{"line":313,"column":47},"end":{"line":313,"column":53},"skip":true}]},"28":{"line":317,"type":"if","locations":[{"start":{"line":317,"column":12},"end":{"line":317,"column":12},"skip":true},{"start":{"line":317,"column":12},"end":{"line":317,"column":12},"skip":true}]}},"code":["/*","example.js","","quickstart example","","instruction","    1. save this script as example.js","    2. run the shell command:","        $ npm install npmtest-wunderlist && PORT=8081 node example.js","    3. play with the browser-demo on http://127.0.0.1:8081","*/","","","","/* istanbul instrument in package npmtest_wunderlist */","/*jslint","    bitwise: true,","    browser: true,","    maxerr: 8,","    maxlen: 96,","    node: true,","    nomen: true,","    regexp: true,","    stupid: true","*/","(function () {","    'use strict';","    var local;","","","","    // run shared js-env code - pre-init","    (function () {","        // init local","        local = {};","        // init modeJs","        local.modeJs = (function () {","            try {","                return typeof navigator.userAgent === 'string' &&","                    typeof document.querySelector('body') === 'object' &&","                    typeof XMLHttpRequest.prototype.open === 'function' &&","                    'browser';","            } catch (errorCaughtBrowser) {","                return module.exports &&","                    typeof process.versions.node === 'string' &&","                    typeof require('http').createServer === 'function' &&","                    'node';","            }","        }());","        // init global","        local.global = local.modeJs === 'browser'","            ? window","            : global;","        // init utility2_rollup","        local = local.global.utility2_rollup || (local.modeJs === 'browser'","            ? local.global.utility2_npmtest_wunderlist","            : global.utility2_moduleExports);","        // export local","        local.global.local = local;","    }());","    switch (local.modeJs) {","","","","    // post-init","    // run browser js-env code - post-init","    /* istanbul ignore next */","    case 'browser':","        local.testRunBrowser = function (event) {","            if (!event || (event &&","                    event.currentTarget &&","                    event.currentTarget.className &&","                    event.currentTarget.className.includes &&","                    event.currentTarget.className.includes('onreset'))) {","                // reset output","                Array.from(","                    document.querySelectorAll('body > .resettable')","                ).forEach(function (element) {","                    switch (element.tagName) {","                    case 'INPUT':","                    case 'TEXTAREA':","                        element.value = '';","                        break;","                    default:","                        element.textContent = '';","                    }","                });","            }","            switch (event && event.currentTarget && event.currentTarget.id) {","            case 'testRunButton1':","                // show tests","                if (document.querySelector('#testReportDiv1').style.display === 'none') {","                    document.querySelector('#testReportDiv1').style.display = 'block';","                    document.querySelector('#testRunButton1').textContent =","                        'hide internal test';","                    local.modeTest = true;","                    local.testRunDefault(local);","                // hide tests","                } else {","                    document.querySelector('#testReportDiv1').style.display = 'none';","                    document.querySelector('#testRunButton1').textContent = 'run internal test';","                }","                break;","            // custom-case","            default:","                break;","            }","            if (document.querySelector('#inputTextareaEval1') && (!event || (event &&","                    event.currentTarget &&","                    event.currentTarget.className &&","                    event.currentTarget.className.includes &&","                    event.currentTarget.className.includes('oneval')))) {","                // try to eval input-code","                try {","                    /*jslint evil: true*/","                    eval(document.querySelector('#inputTextareaEval1').value);","                } catch (errorCaught) {","                    console.error(errorCaught);","                }","            }","        };","        // log stderr and stdout to #outputTextareaStdout1","        ['error', 'log'].forEach(function (key) {","            console[key + '_original'] = console[key];","            console[key] = function () {","                var element;","                console[key + '_original'].apply(console, arguments);","                element = document.querySelector('#outputTextareaStdout1');","                if (!element) {","                    return;","                }","                // append text to #outputTextareaStdout1","                element.value += Array.from(arguments).map(function (arg) {","                    return typeof arg === 'string'","                        ? arg","                        : JSON.stringify(arg, null, 4);","                }).join(' ') + '\\n';","                // scroll textarea to bottom","                element.scrollTop = element.scrollHeight;","            };","        });","        // init event-handling","        ['change', 'click', 'keyup'].forEach(function (event) {","            Array.from(document.querySelectorAll('.on' + event)).forEach(function (element) {","                element.addEventListener(event, local.testRunBrowser);","            });","        });","        // run tests","        local.testRunBrowser();","        break;","","","","    // run node js-env code - post-init","    /* istanbul ignore next */","    case 'node':","        // export local","        module.exports = local;","        // require modules","        local.fs = require('fs');","        local.http = require('http');","        local.url = require('url');","        // init assets","        local.assetsDict = local.assetsDict || {};","        /* jslint-ignore-begin */","        local.assetsDict['/assets.index.template.html'] = '\\","<!doctype html>\\n\\","<html lang=\"en\">\\n\\","<head>\\n\\","<meta charset=\"UTF-8\">\\n\\","<meta name=\"viewport\" content=\"width=device-width, initial-scale=1\">\\n\\","<title>{{env.npm_package_name}} (v{{env.npm_package_version}})</title>\\n\\","<style>\\n\\","/*csslint\\n\\","    box-sizing: false,\\n\\","    universal-selector: false\\n\\","*/\\n\\","* {\\n\\","    box-sizing: border-box;\\n\\","}\\n\\","body {\\n\\","    background: #dde;\\n\\","    font-family: Arial, Helvetica, sans-serif;\\n\\","    margin: 2rem;\\n\\","}\\n\\","body > * {\\n\\","    margin-bottom: 1rem;\\n\\","}\\n\\",".utility2FooterDiv {\\n\\","    margin-top: 20px;\\n\\","    text-align: center;\\n\\","}\\n\\","</style>\\n\\","<style>\\n\\","/*csslint\\n\\","*/\\n\\","textarea {\\n\\","    font-family: monospace;\\n\\","    height: 10rem;\\n\\","    width: 100%;\\n\\","}\\n\\","textarea[readonly] {\\n\\","    background: #ddd;\\n\\","}\\n\\","</style>\\n\\","</head>\\n\\","<body>\\n\\","<!-- utility2-comment\\n\\","<div id=\"ajaxProgressDiv1\" style=\"background: #d00; height: 2px; left: 0; margin: 0; padding: 0; position: fixed; top: 0; transition: background 0.5s, width 1.5s; width: 25%;\"></div>\\n\\","utility2-comment -->\\n\\","<h1>\\n\\","<!-- utility2-comment\\n\\","    <a\\n\\","        {{#if env.npm_package_homepage}}\\n\\","        href=\"{{env.npm_package_homepage}}\"\\n\\","        {{/if env.npm_package_homepage}}\\n\\","        target=\"_blank\"\\n\\","    >\\n\\","utility2-comment -->\\n\\","        {{env.npm_package_name}} (v{{env.npm_package_version}})\\n\\","<!-- utility2-comment\\n\\","    </a>\\n\\","utility2-comment -->\\n\\","</h1>\\n\\","<h3>{{env.npm_package_description}}</h3>\\n\\","<!-- utility2-comment\\n\\","<h4><a download href=\"assets.app.js\">download standalone app</a></h4>\\n\\","<button class=\"onclick onreset\" id=\"testRunButton1\">run internal test</button><br>\\n\\","<div id=\"testReportDiv1\" style=\"display: none;\"></div>\\n\\","utility2-comment -->\\n\\","\\n\\","\\n\\","\\n\\","<label>stderr and stdout</label>\\n\\","<textarea class=\"resettable\" id=\"outputTextareaStdout1\" readonly></textarea>\\n\\","<!-- utility2-comment\\n\\","{{#if isRollup}}\\n\\","<script src=\"assets.app.js\"></script>\\n\\","{{#unless isRollup}}\\n\\","utility2-comment -->\\n\\","<script src=\"assets.utility2.rollup.js\"></script>\\n\\","<script src=\"jsonp.utility2._stateInit?callback=window.utility2._stateInit\"></script>\\n\\","<script src=\"assets.npmtest_wunderlist.rollup.js\"></script>\\n\\","<script src=\"assets.example.js\"></script>\\n\\","<script src=\"assets.test.js\"></script>\\n\\","<!-- utility2-comment\\n\\","{{/if isRollup}}\\n\\","utility2-comment -->\\n\\","<div class=\"utility2FooterDiv\">\\n\\","    [ this app was created with\\n\\","    <a href=\"https://github.com/kaizhu256/node-utility2\" target=\"_blank\">utility2</a>\\n\\","    ]\\n\\","</div>\\n\\","</body>\\n\\","</html>\\n\\","';","        /* jslint-ignore-end */","        if (local.templateRender) {","            local.assetsDict['/'] = local.templateRender(","                local.assetsDict['/assets.index.template.html'],","                {","                    env: local.objectSetDefault(local.env, {","                        npm_package_description: 'the greatest app in the world!',","                        npm_package_name: 'my-app',","                        npm_package_nameAlias: 'my_app',","                        npm_package_version: '0.0.1'","                    })","                }","            );","        } else {","            local.assetsDict['/'] = local.assetsDict['/assets.index.template.html']","                .replace((/\\{\\{env\\.(\\w+?)\\}\\}/g), function (match0, match1) {","                    // jslint-hack","                    String(match0);","                    switch (match1) {","                    case 'npm_package_description':","                        return 'the greatest app in the world!';","                    case 'npm_package_name':","                        return 'my-app';","                    case 'npm_package_nameAlias':","                        return 'my_app';","                    case 'npm_package_version':","                        return '0.0.1';","                    }","                });","        }","        // run the cli","        if (local.global.utility2_rollup || module !== require.main) {","            break;","        }","        local.assetsDict['/assets.example.js'] =","            local.assetsDict['/assets.example.js'] ||","            local.fs.readFileSync(__filename, 'utf8');","        // bug-workaround - long $npm_package_buildCustomOrg","        /* jslint-ignore-begin */","        local.assetsDict['/assets.npmtest_wunderlist.rollup.js'] =","            local.assetsDict['/assets.npmtest_wunderlist.rollup.js'] ||","            local.fs.readFileSync(","                local.npmtest_wunderlist.__dirname + '/lib.npmtest_wunderlist.js',","                'utf8'","            ).replace((/^#!/), '//');","        /* jslint-ignore-end */","        local.assetsDict['/favicon.ico'] = local.assetsDict['/favicon.ico'] || '';","        // if $npm_config_timeout_exit exists,","        // then exit this process after $npm_config_timeout_exit ms","        if (Number(process.env.npm_config_timeout_exit)) {","            setTimeout(process.exit, Number(process.env.npm_config_timeout_exit));","        }","        // start server","        if (local.global.utility2_serverHttp1) {","            break;","        }","        process.env.PORT = process.env.PORT || '8081';","        console.error('server starting on port ' + process.env.PORT);","        local.http.createServer(function (request, response) {","            request.urlParsed = local.url.parse(request.url);","            if (local.assetsDict[request.urlParsed.pathname] !== undefined) {","                response.end(local.assetsDict[request.urlParsed.pathname]);","                return;","            }","            response.statusCode = 404;","            response.end();","        }).listen(process.env.PORT);","        break;","    }","}());",""],"l":{"26":2,"28":2,"33":2,"35":2,"37":2,"38":2,"39":2,"44":1,"51":2,"55":2,"59":2,"61":2,"69":1,"70":2,"76":2,"79":2,"82":2,"83":2,"85":1,"89":2,"92":1,"93":1,"94":1,"96":1,"97":1,"100":1,"101":1,"103":1,"106":1,"108":2,"114":1,"116":1,"118":1,"123":1,"124":2,"125":2,"126":3,"127":3,"128":3,"129":3,"130":1,"133":3,"134":3,"139":3,"143":1,"144":3,"145":1,"149":1,"150":1,"158":1,"160":1,"161":1,"162":1,"164":1,"166":1,"258":1,"259":1,"271":1,"274":6,"275":6,"277":1,"279":2,"281":1,"283":2,"288":1,"289":1,"291":1,"296":1,"303":1,"306":1,"307":1,"310":1,"311":1,"313":1,"314":1,"315":1,"316":1,"317":1,"318":1,"319":1,"321":1,"322":1,"324":1}},"/home/travis/build/npmtest/node-npmtest-wunderlist/node_modules/wunderlist/public/wunderlist/Wunderlist.js":{"path":"/home/travis/build/npmtest/node-npmtest-wunderlist/node_modules/wunderlist/public/wunderlist/Wunderlist.js","s":{"1":1,"2":1,"3":1,"4":1,"5":1,"6":1,"7":1,"8":1,"9":1,"10":1,"11":1,"12":1,"13":1,"14":1,"15":0,"16":0,"17":0,"18":0,"19":0,"20":0,"21":0,"22":0,"23":0,"24":0,"25":0,"26":0,"27":0,"28":0,"29":0,"30":0,"31":0,"32":0,"33":0,"34":0,"35":0,"36":0,"37":0,"38":0,"39":0,"40":0,"41":0,"42":0,"43":0,"44":0,"45":0,"46":0,"47":0,"48":0,"49":0,"50":0,"51":0,"52":0,"53":0,"54":0,"55":0,"56":0,"57":0,"58":0,"59":0,"60":0,"61":0,"62":0,"63":0,"64":0,"65":0,"66":0,"67":0,"68":0,"69":0,"70":0,"71":0,"72":0,"73":0,"74":0,"75":0,"76":0,"77":0,"78":0,"79":0,"80":0,"81":0,"82":0,"83":0,"84":0,"85":0,"86":0,"87":0,"88":0,"89":0,"90":0,"91":0,"92":0,"93":0,"94":0,"95":1,"96":0,"97":0,"98":0,"99":0,"100":0,"101":0,"102":0,"103":0,"104":0,"105":0,"106":0,"107":0,"108":0,"109":0,"110":1},"b":{"1":[0,0],"2":[0,0],"3":[0,0],"4":[0,0],"5":[0,0],"6":[0,0,0],"7":[0,0],"8":[0,0],"9":[0,0],"10":[0,0],"11":[0,0],"12":[0,0],"13":[0,0],"14":[0,0],"15":[0,0],"16":[0,0],"17":[0,0],"18":[0,0]},"f":{"1":0,"2":0,"3":0,"4":0,"5":0,"6":0,"7":0,"8":0,"9":0,"10":0,"11":0,"12":0,"13":0,"14":0,"15":0,"16":0,"17":0,"18":0,"19":0},"fnMap":{"1":{"name":"(anonymous_1)","line":133,"loc":{"start":{"line":133,"column":16},"end":{"line":133,"column":35}}},"2":{"name":"(anonymous_2)","line":159,"loc":{"start":{"line":159,"column":18},"end":{"line":159,"column":37}}},"3":{"name":"(anonymous_3)","line":169,"loc":{"start":{"line":169,"column":19},"end":{"line":169,"column":31}}},"4":{"name":"(anonymous_4)","line":179,"loc":{"start":{"line":179,"column":11},"end":{"line":179,"column":23}}},"5":{"name":"(anonymous_5)","line":198,"loc":{"start":{"line":198,"column":21},"end":{"line":198,"column":33}}},"6":{"name":"(anonymous_6)","line":205,"loc":{"start":{"line":205,"column":16},"end":{"line":205,"column":40}}},"7":{"name":"(anonymous_7)","line":217,"loc":{"start":{"line":217,"column":17},"end":{"line":217,"column":29}}},"8":{"name":"createServices","line":230,"loc":{"start":{"line":230,"column":40},"end":{"line":230,"column":67}}},"9":{"name":"(anonymous_9)","line":271,"loc":{"start":{"line":271,"column":20},"end":{"line":271,"column":32}}},"10":{"name":"(anonymous_10)","line":285,"loc":{"start":{"line":285,"column":15},"end":{"line":285,"column":27}}},"11":{"name":"(anonymous_11)","line":300,"loc":{"start":{"line":300,"column":18},"end":{"line":300,"column":30}}},"12":{"name":"(anonymous_12)","line":312,"loc":{"start":{"line":312,"column":37},"end":{"line":312,"column":53}}},"13":{"name":"(anonymous_13)","line":322,"loc":{"start":{"line":322,"column":51},"end":{"line":322,"column":67}}},"14":{"name":"(anonymous_14)","line":341,"loc":{"start":{"line":341,"column":20},"end":{"line":341,"column":32}}},"15":{"name":"(anonymous_15)","line":351,"loc":{"start":{"line":351,"column":13},"end":{"line":351,"column":25}}},"16":{"name":"(anonymous_16)","line":363,"loc":{"start":{"line":363,"column":22},"end":{"line":363,"column":42}}},"17":{"name":"killEverything","line":378,"loc":{"start":{"line":378,"column":4},"end":{"line":378,"column":34}}},"18":{"name":"(anonymous_18)","line":397,"loc":{"start":{"line":397,"column":21},"end":{"line":397,"column":33}}},"19":{"name":"(anonymous_19)","line":408,"loc":{"start":{"line":408,"column":26},"end":{"line":408,"column":67}}}},"statementMap":{"1":{"start":{"line":48,"column":0},"end":{"line":48,"column":38}},"2":{"start":{"line":49,"column":0},"end":{"line":49,"column":41}},"3":{"start":{"line":50,"column":0},"end":{"line":50,"column":33}},"4":{"start":{"line":51,"column":0},"end":{"line":51,"column":29}},"5":{"start":{"line":53,"column":0},"end":{"line":53,"column":54}},"6":{"start":{"line":54,"column":0},"end":{"line":54,"column":42}},"7":{"start":{"line":55,"column":0},"end":{"line":55,"column":66}},"8":{"start":{"line":56,"column":0},"end":{"line":56,"column":33}},"9":{"start":{"line":57,"column":0},"end":{"line":57,"column":45}},"10":{"start":{"line":58,"column":0},"end":{"line":58,"column":60}},"11":{"start":{"line":59,"column":0},"end":{"line":59,"column":44}},"12":{"start":{"line":61,"column":0},"end":{"line":61,"column":41}},"13":{"start":{"line":63,"column":0},"end":{"line":63,"column":38}},"14":{"start":{"line":65,"column":0},"end":{"line":420,"column":3}},"15":{"start":{"line":135,"column":4},"end":{"line":135,"column":20}},"16":{"start":{"line":136,"column":4},"end":{"line":136,"column":45}},"17":{"start":{"line":138,"column":4},"end":{"line":138,"column":59}},"18":{"start":{"line":140,"column":4},"end":{"line":140,"column":36}},"19":{"start":{"line":142,"column":4},"end":{"line":142,"column":27}},"20":{"start":{"line":144,"column":4},"end":{"line":144,"column":55}},"21":{"start":{"line":147,"column":4},"end":{"line":147,"column":34}},"22":{"start":{"line":149,"column":4},"end":{"line":149,"column":46}},"23":{"start":{"line":150,"column":4},"end":{"line":150,"column":44}},"24":{"start":{"line":152,"column":4},"end":{"line":152,"column":43}},"25":{"start":{"line":154,"column":4},"end":{"line":156,"column":33}},"26":{"start":{"line":161,"column":4},"end":{"line":161,"column":63}},"27":{"start":{"line":162,"column":4},"end":{"line":162,"column":69}},"28":{"start":{"line":171,"column":4},"end":{"line":171,"column":20}},"29":{"start":{"line":172,"column":4},"end":{"line":172,"column":75}},"30":{"start":{"line":181,"column":4},"end":{"line":181,"column":20}},"31":{"start":{"line":182,"column":4},"end":{"line":182,"column":16}},"32":{"start":{"line":184,"column":4},"end":{"line":184,"column":33}},"33":{"start":{"line":187,"column":4},"end":{"line":187,"column":67}},"34":{"start":{"line":190,"column":4},"end":{"line":190,"column":58}},"35":{"start":{"line":192,"column":4},"end":{"line":192,"column":19}},"36":{"start":{"line":200,"column":4},"end":{"line":200,"column":20}},"37":{"start":{"line":201,"column":4},"end":{"line":201,"column":43}},"38":{"start":{"line":202,"column":4},"end":{"line":202,"column":53}},"39":{"start":{"line":207,"column":4},"end":{"line":207,"column":20}},"40":{"start":{"line":208,"column":4},"end":{"line":208,"column":44}},"41":{"start":{"line":219,"column":4},"end":{"line":219,"column":20}},"42":{"start":{"line":221,"column":4},"end":{"line":224,"column":6}},"43":{"start":{"line":225,"column":4},"end":{"line":225,"column":33}},"44":{"start":{"line":226,"column":4},"end":{"line":226,"column":36}},"45":{"start":{"line":228,"column":4},"end":{"line":228,"column":59}},"46":{"start":{"line":230,"column":4},"end":{"line":266,"column":7}},"47":{"start":{"line":233,"column":6},"end":{"line":233,"column":28}},"48":{"start":{"line":234,"column":6},"end":{"line":234,"column":30}},"49":{"start":{"line":237,"column":6},"end":{"line":237,"column":82}},"50":{"start":{"line":239,"column":6},"end":{"line":241,"column":9}},"51":{"start":{"line":243,"column":6},"end":{"line":260,"column":7}},"52":{"start":{"line":244,"column":8},"end":{"line":244,"column":30}},"53":{"start":{"line":245,"column":8},"end":{"line":245,"column":40}},"54":{"start":{"line":248,"column":8},"end":{"line":251,"column":11}},"55":{"start":{"line":252,"column":8},"end":{"line":252,"column":89}},"56":{"start":{"line":255,"column":8},"end":{"line":259,"column":11}},"57":{"start":{"line":262,"column":6},"end":{"line":262,"column":40}},"58":{"start":{"line":263,"column":6},"end":{"line":263,"column":44}},"59":{"start":{"line":265,"column":6},"end":{"line":265,"column":41}},"60":{"start":{"line":268,"column":4},"end":{"line":268,"column":30}},"61":{"start":{"line":273,"column":4},"end":{"line":273,"column":20}},"62":{"start":{"line":275,"column":4},"end":{"line":275,"column":37}},"63":{"start":{"line":276,"column":4},"end":{"line":276,"column":49}},"64":{"start":{"line":277,"column":4},"end":{"line":277,"column":64}},"65":{"start":{"line":279,"column":4},"end":{"line":279,"column":30}},"66":{"start":{"line":287,"column":4},"end":{"line":287,"column":20}},"67":{"start":{"line":289,"column":4},"end":{"line":289,"column":51}},"68":{"start":{"line":290,"column":4},"end":{"line":290,"column":46}},"69":{"start":{"line":292,"column":4},"end":{"line":292,"column":73}},"70":{"start":{"line":302,"column":4},"end":{"line":302,"column":20}},"71":{"start":{"line":304,"column":4},"end":{"line":304,"column":56}},"72":{"start":{"line":306,"column":4},"end":{"line":309,"column":7}},"73":{"start":{"line":310,"column":4},"end":{"line":310,"column":33}},"74":{"start":{"line":312,"column":4},"end":{"line":320,"column":7}},"75":{"start":{"line":319,"column":6},"end":{"line":319,"column":34}},"76":{"start":{"line":322,"column":4},"end":{"line":330,"column":7}},"77":{"start":{"line":329,"column":6},"end":{"line":329,"column":48}},"78":{"start":{"line":332,"column":4},"end":{"line":332,"column":65}},"79":{"start":{"line":333,"column":4},"end":{"line":333,"column":55}},"80":{"start":{"line":335,"column":4},"end":{"line":335,"column":38}},"81":{"start":{"line":343,"column":4},"end":{"line":343,"column":20}},"82":{"start":{"line":344,"column":4},"end":{"line":344,"column":33}},"83":{"start":{"line":345,"column":4},"end":{"line":345,"column":19}},"84":{"start":{"line":353,"column":4},"end":{"line":353,"column":20}},"85":{"start":{"line":356,"column":4},"end":{"line":356,"column":49}},"86":{"start":{"line":359,"column":4},"end":{"line":359,"column":21}},"87":{"start":{"line":362,"column":4},"end":{"line":362,"column":39}},"88":{"start":{"line":363,"column":4},"end":{"line":371,"column":7}},"89":{"start":{"line":365,"column":6},"end":{"line":365,"column":21}},"90":{"start":{"line":366,"column":6},"end":{"line":369,"column":7}},"91":{"start":{"line":367,"column":8},"end":{"line":367,"column":45}},"92":{"start":{"line":368,"column":8},"end":{"line":368,"column":51}},"93":{"start":{"line":370,"column":6},"end":{"line":370,"column":33}},"94":{"start":{"line":373,"column":4},"end":{"line":373,"column":28}},"95":{"start":{"line":378,"column":4},"end":{"line":382,"column":5}},"96":{"start":{"line":379,"column":6},"end":{"line":381,"column":7}},"97":{"start":{"line":380,"column":8},"end":{"line":380,"column":29}},"98":{"start":{"line":383,"column":4},"end":{"line":383,"column":25}},"99":{"start":{"line":387,"column":4},"end":{"line":387,"column":26}},"100":{"start":{"line":399,"column":4},"end":{"line":399,"column":20}},"101":{"start":{"line":400,"column":4},"end":{"line":400,"column":37}},"102":{"start":{"line":402,"column":4},"end":{"line":402,"column":53}},"103":{"start":{"line":403,"column":4},"end":{"line":405,"column":5}},"104":{"start":{"line":404,"column":6},"end":{"line":404,"column":102}},"105":{"start":{"line":410,"column":4},"end":{"line":410,"column":20}},"106":{"start":{"line":412,"column":4},"end":{"line":412,"column":37}},"107":{"start":{"line":413,"column":4},"end":{"line":413,"column":29}},"108":{"start":{"line":414,"column":4},"end":{"line":414,"column":81}},"109":{"start":{"line":415,"column":4},"end":{"line":415,"column":73}},"110":{"start":{"line":422,"column":0},"end":{"line":422,"column":28}}},"branchMap":{"1":{"line":138,"type":"binary-expr","locations":[{"start":{"line":138,"column":44},"end":{"line":138,"column":51}},{"start":{"line":138,"column":55},"end":{"line":138,"column":57}}]},"2":{"line":161,"type":"binary-expr","locations":[{"start":{"line":161,"column":4},"end":{"line":161,"column":20}},{"start":{"line":161,"column":24},"end":{"line":161,"column":62}}]},"3":{"line":162,"type":"binary-expr","locations":[{"start":{"line":162,"column":4},"end":{"line":162,"column":22}},{"start":{"line":162,"column":26},"end":{"line":162,"column":68}}]},"4":{"line":172,"type":"binary-expr","locations":[{"start":{"line":172,"column":14},"end":{"line":172,"column":30}},{"start":{"line":172,"column":34},"end":{"line":172,"column":73}}]},"5":{"line":202,"type":"cond-expr","locations":[{"start":{"line":202,"column":31},"end":{"line":202,"column":39}},{"start":{"line":202,"column":42},"end":{"line":202,"column":51}}]},"6":{"line":237,"type":"binary-expr","locations":[{"start":{"line":237,"column":17},"end":{"line":237,"column":25}},{"start":{"line":237,"column":29},"end":{"line":237,"column":50}},{"start":{"line":237,"column":54},"end":{"line":237,"column":81}}]},"7":{"line":276,"type":"binary-expr","locations":[{"start":{"line":276,"column":17},"end":{"line":276,"column":27}},{"start":{"line":276,"column":31},"end":{"line":276,"column":48}}]},"8":{"line":277,"type":"binary-expr","locations":[{"start":{"line":277,"column":32},"end":{"line":277,"column":38}},{"start":{"line":277,"column":42},"end":{"line":277,"column":62}}]},"9":{"line":292,"type":"cond-expr","locations":[{"start":{"line":292,"column":49},"end":{"line":292,"column":60}},{"start":{"line":292,"column":63},"end":{"line":292,"column":72}}]},"10":{"line":292,"type":"binary-expr","locations":[{"start":{"line":292,"column":12},"end":{"line":292,"column":30}},{"start":{"line":292,"column":34},"end":{"line":292,"column":45}}]},"11":{"line":304,"type":"binary-expr","locations":[{"start":{"line":304,"column":4},"end":{"line":304,"column":19}},{"start":{"line":304,"column":23},"end":{"line":304,"column":55}}]},"12":{"line":356,"type":"binary-expr","locations":[{"start":{"line":356,"column":4},"end":{"line":356,"column":19}},{"start":{"line":356,"column":23},"end":{"line":356,"column":48}}]},"13":{"line":368,"type":"binary-expr","locations":[{"start":{"line":368,"column":8},"end":{"line":368,"column":26}},{"start":{"line":368,"column":30},"end":{"line":368,"column":50}}]},"14":{"line":400,"type":"binary-expr","locations":[{"start":{"line":400,"column":18},"end":{"line":400,"column":30}},{"start":{"line":400,"column":34},"end":{"line":400,"column":36}}]},"15":{"line":403,"type":"if","locations":[{"start":{"line":403,"column":4},"end":{"line":403,"column":4}},{"start":{"line":403,"column":4},"end":{"line":403,"column":4}}]},"16":{"line":403,"type":"binary-expr","locations":[{"start":{"line":403,"column":8},"end":{"line":403,"column":25}},{"start":{"line":403,"column":29},"end":{"line":403,"column":50}}]},"17":{"line":414,"type":"binary-expr","locations":[{"start":{"line":414,"column":4},"end":{"line":414,"column":14}},{"start":{"line":414,"column":18},"end":{"line":414,"column":80}}]},"18":{"line":415,"type":"binary-expr","locations":[{"start":{"line":415,"column":4},"end":{"line":415,"column":10}},{"start":{"line":415,"column":14},"end":{"line":415,"column":72}}]}},"code":["'use strict';","","/**","  * @module wunderlist/Wunderlist","","  * @requires module:wunderbits.core/WBEventEmitter","  * @requires module:wunderbits/lib/dependencies","","  * @requires module:services/Folders","  * @requires module:services/Lists","  * @requires module:services/Memberships","  * @requires module:services/Notes","  * @requires module:services/Reminders","  * @requires module:services/Settings","  * @requires module:services/Subtasks","  * @requires module:services/Tasks","  * @requires module:services/UserEvents","  * @requires module:services/Activities","  * @requires module:services/Conversations","  * @requires module:services/UnreadCounts","","  * @requires module:io/RestSocket","  *","  * @extends module:wunderbits.core/WBEventEmitter","","  * @example <caption>Create an instance of the main Wunderlist class</caption>","    var WunderlistSDK = require('wunderlist/Wunderlist');","","    // Returns an instance of the Wunderlist SDK setup with the correct client ID and user access token","    // and sets up a single WebSocket connection for REST over socket proxying","    var wunderlistSDK = new WunderlistSDK({","      'accessToken': 'a user token',","      'clientID': 'your application id'","    });","","    wunderlistSDK.initialized.done(function () {","      // Where handleListData and handleError are functions","      // 'http' here can be replaced with 'socket' to use a WebSocket connection for all requests","      wunderlistSDK.http.lists.all()","        // handleListData will be called with the object parsed from the response JSON","        .done(handleListData)","        // handleError will be called with the error/event","        .fail(handleError);","    });","","  */","","var core = require('wunderbits.core');","var WBEventEmitter = core.WBEventEmitter;","var WBDeferred = core.WBDeferred;","var extend = core.lib.extend;","","var AjaxTransport = require('../io/io/AjaxTransport');","var config = require('../config/default');","var ApplicationStateModel = require('../models/ApplicationState');","var IOHttp = require('../io/IO');","var RestSocket = require('../io/RestSocket');","var PlatformHeaders = require('../helpers/PlatformHeaders');","var ServiceClasses = require('../services');","","var MagiConsole = require('magiconsole');","","var _super = WBEventEmitter.prototype;","","var Wunderlist = WBEventEmitter.extend({","","  /**","    * @todo revisit in the future and remove,","    * auth will probably only be available through OAuth.","    */","  'auth': undefined,","","  /**","    * Deferred object for tracking initialization success or failure.","    * @type {deferred}","    */","  'state': undefined,","","  /**","    * Flag to denote network connectivity.","    * Note: this flag is only to denote a network connection, not API status.","    */","  'online': undefined,","","  /**","    * State promise for attaching to initialization events.  Promise of state.","    * @type {promise}","    */","  'initialized': undefined,","","  /**","    * Holds references to instances of API HTTP service modules once Wunderlist initialization is completed and successful.","    * @type {object}","    * @property {instance} [folders] - HTTP Instance of {@link module:services/Folders}","    * @property {instance} [lists] - HTTP Instance of {@link module:services/Lists}","    * @property {instance} [memberships] - HTTP Instance of {@link module:services/Memberships}","    * @property {instance} [notes]- HTTP Instance of {@link module:services/Notes}","    * @property {instance} [reminders] - HTTP Instance of {@link module:services/Reminders}","    * @property {instance} [settings] - HTTP Instance of {@link module:services/Settings}","    * @property {instance} [subtasks] - HTTP Instance of {@link module:services/Subtasks}","    * @property {instance} [tasks] - HTTP Instance of {@link module:services/Tasks}","    * @property {instance} [userEvents] - HTTP Instance of {@link module:services/UserEvents}","    */","  'http': undefined,","","  /**","    * Holds references to instances of API WebSocket service modules once Wunderlist initialization is completed and successful.","    * @type {object}","    * @property {instance} [folders] - HTTP Instance of {@link module:services/Folders}","    * @property {instance} [lists] - WebSocket Instance of {@link module:services/Lists}","    * @property {instance} [memberships] - WebSocket Instance of {@link module:services/Memberships}","    * @property {instance} [notes]- WebSocket Instance of {@link module:services/Notes}","    * @property {instance} [reminders] - WebSocket Instance of {@link module:services/Reminders}","    * @property {instance} [settings] - WebSocket Instance of {@link module:services/Settings}","    * @property {instance} [subtasks] - WebSocket Instance of {@link module:services/Subtasks}","    * @property {instance} [tasks] - WebSocket Instance of {@link module:services/Tasks}","    * @property {instance} [userEvents] - WebSocket Instance of {@link module:services/UserEvents}","    */","  'socket': undefined,","","  /**","    * Main interface to Wunderlist API service modules.","    * @constructor","    * @param {object} options - Class initialization options.","    * @param {string} options.clientID - Client ID is required.","    * @param {string} options.accessToken - Wunderlist access token.","    * @param {array} [options.services] - Services to be initialize.","    *     If not present, all service modules will be initialized.","    *     ex: 'services': ['lists', 'tasks']","    * @param {boolean} [options.debug] - Enable logging","    * @alias module:wunderlist/Wunderlist","    */","  'initialize': function (options) {","","    var self = this;","    _super.initialize.apply(self, arguments);","","    self.options = options = extend(config, options || {});","","    self.setupLogging(self.options);","","    self.validateOptions();","","    self.appState = new ApplicationStateModel(options);","","    // initialise PlatformHeader","    PlatformHeaders.init(options);","","    var state = self.state = new WBDeferred();","    self.initialized = self.state.promise();","","    self.online = self.appState.isOnline();","","    self.start()","      .done(state.resolveWith, state, self)","      .fail(state.reject, state);","  },","","  'setupLogging': function (options) {","","    options.logLevel && MagiConsole.setLevel(options.logLevel);","    options.logPattern && MagiConsole.setPattern(options.logPattern);","  },","","  /**","    * Returns true once self.initialized is resolved.","    * @type {boolean}","    */","  'isInitialized': function () {","","    var self = this;","    return !!(self.initialized && self.initialized.state() === 'resolved');","  },","","  /**","    * Calls services initialization if/once authorized","    * @returns {promise}","    */","  'start': function () {","","    var self = this;","    var promise;","","    promise = self.getServices();","","    // watch online state","    self.bindTo(self.appState, 'change:online', 'onOnlineOffline');","","    // report timings","    self.bindTo(AjaxTransport, 'timing:io', 'onIOTiming');","","    return promise;","  },","","  /**","    * Set self.online state and trigger exposed online/offline event","    */","  'onOnlineOffline': function () {","","    var self = this;","    self.online = self.appState.isOnline();","    self.trigger(self.online ? 'online' : 'offline');","  },","","  'onIOTiming': function (ioTimingData) {","","    var self = this;","    self.trigger('timing:io', ioTimingData);","  },","","  /**","    * Creates instances of service modules according to initialization options.","    * @param {array} [services] - Array of services to initialize.","    * Default is initialize all services.","    * @returns {promise} Hash of initialized services.","    */","  'getServices': function () {","","    var self = this;","","    var compiledServices = {","      'http': {},","      'socket': {}","    };","    var service, services, Klass;","    var deferred = new WBDeferred();","","    var accessToken = self.appState.attributes.accessToken;","","    self.createSocket(accessToken).done(function createServices () {","","      // clear old services","      self.http = undefined;","      self.socket = undefined;","","      // from args, options, or default to all","      services = services || self.options.services || Object.keys(ServiceClasses);","","      self.httpIO = new IOHttp({","        'config': self.appState.toJSON()","      });","","      for (var i = 0, len = services.length; i < len; i++) {","        service = services[i];","        Klass = ServiceClasses[service];","","        // http service","        compiledServices.http[service] = new Klass({","          'appState': self.appState,","          'httpIO': self.httpIO","        });","        self.bindTo(compiledServices.http[service], 'unauthorized', self.onUnauthorized);","","        // socket service","        compiledServices.socket[service] = new Klass({","          'websocket': true,","          'restSocket': self.restSocket,","          'appState': self.appState","        });","      }","","      self.http = compiledServices.http;","      self.socket = compiledServices.socket;","","      deferred.resolve(compiledServices);","    });","","    return deferred.promise();","  },","","  'isSocketOnline': function () {","","    var self = this;","","    var restSocket = self.restSocket;","    var socket = restSocket && restSocket.socket;","    var webSocketConnected = !!(socket && socket.isConnected());","","    return webSocketConnected;","  },","","  /**","    * Returns self.socket or self.http depending on self.restSocket.socket.connected","    */","  'getOutlet': function () {","","    var self = this;","","    var webSocketConnected = self.isSocketOnline();","    var forcedHttp = !!self.options.forceHTTP;","","    return (webSocketConnected && !forcedHttp) ? self.socket : self.http;","  },","","  /**","    * Creates an instance of RestSocket using the current appState configuration","    * @fires module:wunderlist/Wunderlist#event","    * @returns {promise} Promise of WebSocket ready deferred","    */","  'createSocket': function () {","","    var self = this;","","    self.restSocket && self.unbindFrom(self.restSocket);","","    var restSocket = new RestSocket({","      'appState': self.appState,","      'config': self.options","    });","    self.restSocket = restSocket;","","    self.bindTo(restSocket, 'event', function (data) {","","      /**","        * Realtime events messages event.","        * @event module:wunderlist/Wunderlist#event","        * @type {object}","        */","      self.trigger('event', data);","    });","","    self.bindTo(restSocket, 'desktopNotification', function (data) {","","      /**","        * Realtime desktop notifications.","        * @event module:wunderlist/Wunderlist#desktopNotification","        * @type {object}","        */","      self.trigger('desktopNotification', data);","    });","","    self.bindTo(restSocket, 'unauthorized', self.onUnauthorized);","    self.bindTo(restSocket, 'timing:io', 'onIOTiming');","","    return restSocket.ready.promise();","  },","","  /**","    * Destroys instance of Wunderlist on unauthorized event.","    */","  'onUnauthorized': function () {","","    var self = this;","    self.trigger('unauthorized');","    self.destroy();","  },","","  /**","    * Method to destroy and clean up instance.","    */","  'destroy': function () {","","    var self = this;","","    // kill the socket","    self.restSocket && self.restSocket.destroy();","","    // clear all the bindings","    self.unbindAll();","","    // destroy all the services","    var protocols = ['http', 'socket'];","    protocols.forEach(function (protocol) {","","      var theService;","      for (var service in self[protocol]) {","        theService = self[protocol][service];","        theService.destroy && theService.destroy();","      }","      self[protocol] = undefined;","    });","","    self.appState.destroy();","","    // delete all properties","    // make sure a destroyed object is not keeping other","    // objects alive by reference","    function killEverything (obj) {","      for (var key in obj) {","        obj[key] = undefined;","      }","    }","    killEverything(self);","","    // flag as destroyed, so objects internal methods","    // can optionally check this before execution","    self.destroyed = true;","  },","","  /** TRUE when instance has been destroyed */","  'destroyed': false,","","  /**","    * Validates initialization options","    * @returns {boolean} True if options are valid","    */","  'validateOptions': function () {","","    var self = this;","    var options = self.options || {};","","    var validAuthCredentials = !!options.accessToken;","    if (!options.clientID || !validAuthCredentials) {","      throw new Error('Cannot initialize the Wunderlist SDK without a Client ID or auth credentials');","    }","  },","","  'cancelInflightCreate': function (requestID, onlineID, revision) {","","    var self = this;","","    var restSocket = self.restSocket;","    var httpIO = self.httpIO;","    restSocket && restSocket.cancelInflightCreate(requestID, onlineID, revision);","    httpIO && httpIO.cancelInflightCreate(requestID, onlineID, revision);","  }","}, {","  'services': ServiceClasses,","  'headers': PlatformHeaders","});","","module.exports = Wunderlist;",""],"l":{"48":1,"49":1,"50":1,"51":1,"53":1,"54":1,"55":1,"56":1,"57":1,"58":1,"59":1,"61":1,"63":1,"65":1,"135":0,"136":0,"138":0,"140":0,"142":0,"144":0,"147":0,"149":0,"150":0,"152":0,"154":0,"161":0,"162":0,"171":0,"172":0,"181":0,"182":0,"184":0,"187":0,"190":0,"192":0,"200":0,"201":0,"202":0,"207":0,"208":0,"219":0,"221":0,"225":0,"226":0,"228":0,"230":0,"233":0,"234":0,"237":0,"239":0,"243":0,"244":0,"245":0,"248":0,"252":0,"255":0,"262":0,"263":0,"265":0,"268":0,"273":0,"275":0,"276":0,"277":0,"279":0,"287":0,"289":0,"290":0,"292":0,"302":0,"304":0,"306":0,"310":0,"312":0,"319":0,"322":0,"329":0,"332":0,"333":0,"335":0,"343":0,"344":0,"345":0,"353":0,"356":0,"359":0,"362":0,"363":0,"365":0,"366":0,"367":0,"368":0,"370":0,"373":0,"378":1,"379":0,"380":0,"383":0,"387":0,"399":0,"400":0,"402":0,"403":0,"404":0,"410":0,"412":0,"413":0,"414":0,"415":0,"422":1}},"/home/travis/build/npmtest/node-npmtest-wunderlist/node_modules/wunderlist/public/io/io/AjaxTransport.js":{"path":"/home/travis/build/npmtest/node-npmtest-wunderlist/node_modules/wunderlist/public/io/io/AjaxTransport.js","s":{"1":1,"2":1,"3":1,"4":1,"5":1,"6":1,"7":1,"8":1,"9":1,"10":1,"11":0,"12":0,"13":0,"14":0,"15":0,"16":0,"17":0,"18":0,"19":0,"20":0,"21":0,"22":1,"23":0,"24":0,"25":0,"26":0,"27":0,"28":0,"29":0,"30":0,"31":0,"32":0,"33":0,"34":0,"35":0,"36":0,"37":0,"38":0,"39":0,"40":0,"41":0,"42":0,"43":0,"44":0,"45":0,"46":0,"47":0,"48":0,"49":0,"50":0,"51":0,"52":0,"53":0,"54":0,"55":0,"56":0,"57":0,"58":0,"59":0,"60":0,"61":0,"62":0,"63":0,"64":0,"65":0,"66":0,"67":0,"68":0,"69":0,"70":0,"71":0,"72":0,"73":0,"74":0,"75":0,"76":0,"77":0,"78":0,"79":0,"80":0,"81":0,"82":0,"83":0,"84":0,"85":0,"86":0,"87":0,"88":0,"89":1},"b":{"1":[0,0],"2":[0,0],"3":[0,0],"4":[0,0],"5":[0,0],"6":[0,0],"7":[0,0],"8":[0,0],"9":[0,0],"10":[0,0],"11":[0,0],"12":[0,0],"13":[0,0],"14":[0,0],"15":[0,0],"16":[0,0]},"f":{"1
[...]
   taskComments.forTask(taskID)","      .done(function (taskCommentsData, statusCode) {","        // ...","      })","      .fail(function (resp, code) {","        // ...","      });","","  * @example <caption>Get all task comments for all tasks in a list</caption>","    var listID = 239487;","    taskComments.forList(listID)","      .done(function (taskCommentsData, statusCode) {","        // ...","      })","      .fail(function (resp, code) {","        // ...","      });","","  * @example <caption>Create a task comment</caption>","    taskComments.create({","      'task_id': 349587,","      'text': 'Hello world!'","    })","    .done(function (taskCommentData, statusCode) {","      // ...","    })","    .fail(function (resp, code) {","      // ...","    });","","  * @example <caption>Mark a task comment as having been read</caption>","    var taskCommentID = 2394872;","    var taskCommentRevision = 1;","    var readData = {","      'read': true","    };","    taskComments.update(taskCommentID, taskCommentRevision, readData)","      .done(function (taskCommentData, statusCode) {","        // ...","      })","      .fail(fucntion (resp, code) {","        // ...","      });","  */","","var AuthenticatedService = require('./AuthenticatedService');","","module.exports = AuthenticatedService.extend({","  'baseUrl': '/task_comments',","  'type': 'task_comment'","});",""],"l":{"60":1,"62":1}},"/home/travis/build/npmtest/node-npmtest-wunderlist/node_modules/wunderlist/public/services/TaskCommentsStates.js":{"path":"/home/travis/build/npmtest/node-npmtest-wunderlist/node_modules/wunderlist/public/services/TaskCommentsStates.js","s":{"1":1,"2":1},"b":{},"f":{},"fnMap":{},"statementMap":{"1":{"start":{"line":24,"column":0},"end":{"line":24,"column":61}},"2":{"start":{"line":26,"column":0},"end":{"line":29,"column":3}}},"branchMap":{},"code":["'use strict';","","/**","  * Provides methods for easy access to task comments states","  * @module services/TaskCommentsStates","  * @extends module:services/AuthenticatedService","  * @requires module:services/AuthenticatedService","","  * @example <caption>Create an instance of the TaskCommentsStates service</caption>","    var TaskCommentsStatesService = require('services/TaskCommentsStates');","    var taskCommentsStates = new TaskCommentsStatesService();","","  * @example <caption>Get the comments states for a list</caption>","    var listID = 239487;","    taskCommentsStates.forList(listID)","      .done(function (taskCommentsStatesData, statusCode) {","        // ...","      })","      .fail(function (resp, code) {","        // ...","      });","  */","","var AuthenticatedService = require('./AuthenticatedService');","","module.exports = AuthenticatedService.extend({","  'baseUrl': '/task_comments_states',","  'type': 'task_comments_state'","});",""],"l":{"24":1,"26":1}},"/home/travis/build/npmtest/node-npmtest-wunderlist/node_modules/wunderlist/public/services/TaskPositions.js":{"path":"/home/travis/build/npmtest/node-npmtest-wunderlist/node_modules/wunderlist/public/services/TaskPositions.js","s":{"1":1,"2":1},"b":{},"f":{},"fnMap":{},"statementMap":{"1":{"start":{"line":49,"column":0},"end":{"line":49,"column":61}},"2":{"start":{"line":51,"column":0},"end":{"line":54,"column":3}}},"branchMap":{},"code":["'use strict';","","/**","  * Provides methods for easy access to task positions.","  * @module services/TaskPositions","  * @extends module:services/AuthenticatedService","  * @requires module:services/AuthenticatedService","","  * @example <caption>Create an instance of the TaskPositions service</caption>","    var TaskPositionsService = require('services/TaskPositions');","    var taskPositions = new TaskPositionsService();","","  * @example <caption>Get task positions for a list</caption>","    var listID = 123987;","    taskPositions.forList(listID)","      .done(function (taskPositionsData, statusCode) {","        // ...","      })","      .fail(function (resp, code) {","        // ...","      });","","  * @example <caption>Get a specific task position object</caption>","    var taskPositionID = 239487;","    taskPositions.getID(taskPositionID)","      .done(function (taskPositionData, statusCode) {","        // ...","      })","      .fail(function (resp, code) {","        // ...","      });","","  * @example <caption>Update positions for a list's tasks</caption>","    var taskPositionsID = 349587;","    var taskPositionsRevision = 23;","    var updateData = {","      'values': [2234,45645,76567,567978]","    };","    taskPositions.update(taskPositionsID, taskPositionsRevision, updateData)","      .done(function (taskPositionsData, statusCode) {","        // ...","      })","      .fail(function (resp, code) {","        // ...","      });","","  */","","var AuthenticatedService = require('./AuthenticatedService');","","module.exports = AuthenticatedService.extend({","  'baseUrl': '/task_positions',","  'type': 'task_position'","});",""],"l":{"49":1,"51":1}},"/home/travis/build/npmtest/node-npmtest-wunderlist/node_modules/wunderlist/public/services/Tasks.js":{"path":"/home/travis/build/npmtest/node-npmtest-wunderlist/node_modules/wunderlist/public/services/Tasks.js","s":{"1":1,"2":1,"3":1,"4":1,"5":1,"6":1,"7":1,"8":1,"9":0,"10":0,"11":0,"12":0,"13":0,"14":0,"15":0,"16":0,"17":0,"18":0,"19":0,"20":0,"21":0,"22":0,"23":0,"24":0},"b":{"1":[0,0]},"f":{"1":0,"2":0,"3":0},"fnMap":{"1":{"name":"(anonymous_1)","line":103,"loc":{"start":{"line":103,"column":13},"end":{"line":103,"column":53}}},"2":{"name":"(anonymous_2)","line":128,"loc":{"start":{"line":128,"column":12},"end":{"line":128,"column":28}}},"3":{"name":"(anonymous_3)","line":149,"loc":{"start":{"line":149,"column":24},"end":{"line":149,"column":40}}}},"statementMap":{"1":{"start":{"line":82,"column":0},"end":{"line":82,"column":38}},"2":{"start":{"line":83,"column":0},"end":{"line":83,"column":29}},"3":{"start":{"line":84,"column":0},"end":{"line":84,"column":33}},"4":{"start":{"line":85,"column":0},"end":{"line":85,"column":41}},"5":{"start":{"line":86,"column":0},"end":{"line":86,"column":56}},"6":{"start":{"line":88,"column":0},"end":{"line":88,"column":61}},"7":{"start":{"line":90,"column":0},"end":{"line":90,"column":44}},"8":{"start":{"line":91,"column":0},"end":{"line":159,"column":3}},"9":{"start":{"line":105,"column":4},"end":{"line":105,"column":20}},"10":{"start":{"line":107,"column":4},"end":{"line":111,"column":18}},"11":{"start":{"line":113,"column":4},"end":{"line":113,"column":29}},"12":{"start":{"line":130,"column":4},"end":{"line":130,"column":20}},"13":{"start":{"line":131,"column":4},"end":{"line":139,"column":5}},"14":{"start":{"line":132,"column":6},"end":{"line":132,"column":36}},"15":{"start":{"line":135,"column":6},"end":{"line":135,"column":28}},"16":{"start":{"line":136,"column":6},"end":{"line":138,"column":22}},"17":{"start":{"line":141,"column":4},"end":{"line":141,"column":55}},"18":{"start":{"line":142,"column":4},"end":{"line":142,"column":29}},"19":{"start":{"line":151,"column":4},"end":{"line":151,"column":22}},"20":{"start":{"line":153,"column":4},"end":{"line":153,"column":43}},"21":{"start":{"line":154,"column":4},"end":{"line":154,"column":49}},"22":{"start":{"line":155,"column":4},"end":{"line":155,"column":39}},"23":{"start":{"line":156,"column":4},"end":{"line":156,"column":59}},"24":{"start":{"line":157,"column":4},"end":{"line":157,"column":55}}},"branchMap":{"1":{"line":151,"type":"binary-expr","locations":[{"start":{"line":151,"column":11},"end":{"line":151,"column":15}},{"start":{"line":151,"column":19},"end":{"line":151,"column":21}}]}},"code":["'use strict';","","/**","  * Provides methods for easy access to tasks data.","  * @module services/Tasks","  * @extends module:services/AuthenticatedService","  * @requires module:services/AuthenticatedService","","  * @example <caption>Create an instance of the Tasks service</caption>","    var TasksService = require('services/Tasks');","    var tasks = new TasksService();","","  * @example <caption>Get all uncompleted tasks for a list</caption>","    var listID = 666;","    tasks.forList(listID)","      .done(function (tasksData, statusCode) {","        // ...","      })","      .fail(function (resp, code) {","        // ...","      });","","  * @example <caption>Get completed tasks for a list</caption>","    var listID = 3456;","    var completed = true;","    tasks.forList(listID, completed)","      .done(function (tasks, statusCode) {","        // ...","      })","      .fail(function (resp, code) {","        // ...","      });","","  * @example <caption>Get a specific task</caption>","    vat taskID = 777;","    tasks.getID(taskID)","      .done(function (taskData, statusCode) {","        // ...","      })","      .fail(function (resp, code) {","        // ...","      });","","  * @example <caption>Create a task</caption>","    tasks.create({","      'list_id': 8675309","      'title': 'Call Jenny'","    })","    .done(function (taskData, statusCode) {","      // ...","    })","    .fail(function (resp, code) {","      // ...","    });","","  * @example <caption>Update a task</caption>","    var taskID = 777;","    var taskRevision = 5;","    var updateData = {","      'title': 'Change the world',","      'starred': true,","      'due_data': undefined","    };","","    tasks.update(taskID, revision, updateData)","      .done(function (taskData, statusCode) {","        // ...","      })","      .fail(function (resp, code) {","        // ...","      });","","  * @example <caption>Delete a task</caption>","    var taskID = 777;","    var taskRevision = 5;","    tasks.deleteID(taskID, taskRevision)","      .always(function (resp, code) {","        // ...","      });","  */","","var core = require('wunderbits.core');","var assert = core.lib.assert;","var WBDeferred = core.WBDeferred;","var MagiConsole = require('magiconsole');","var localConsole = new MagiConsole('SDK:SERVICE:TASKS');","","var AuthenticatedService = require('./AuthenticatedService');","","var _super = AuthenticatedService.prototype;","module.exports = AuthenticatedService.extend({","","  'baseUrl': '/tasks',","","  'type': 'task',","","  /**","    * Allows fetching either all or just uncompleted tasks for a list.","    * @param {string} listId - The list to fetch.","    * @param {boolean} completed - Fetch completed tasks or not.","    * @param {string} [requestID] - User supplied Request ID. Autogenerated if not supplied.","    */","  'forList': function (listId, completed, requestID) {","","    var self = this;","","    var request = self.get(self.baseUrl, {","","      'list_id': listId,","      'completed': !!completed","    }, requestID);","","    return request.promise();","  },","","  /**","    * Create a task.","    * @param {object} data - Task data.","    * @param {integer} data.list_id - List ID in which to create task.","    * @param {string} data.title - Task title.","    * @param {integer} [data.assignee_id] - User task is assigned to.","    * @param {boolean} [data.completed] - Is task completed?","    * @param {string} [data.due_date] - Task due date formatted as an ISO8601 date.","    * @param {boolean} [data.starred] - Is task starred?","    * @param {string} [requestID] - User supplied Request ID. Autogenerated if not supplied.","    * @returns {promise} Promise of request deferred.","    */","  'create': function (data) {","","    var self = this;","    try {","      self.validateCreateData(data);","    }","    catch (e) {","      localConsole.error(e);","      return new WBDeferred().reject({","        'errors': [e.toString()]","      }, 0).promise();","    }","","    var request = _super.create.apply(self, arguments);","    return request.promise();","  },","","  /**","    * Validates task creation data.","    * @param {object} data - Task data.","    */","  'validateCreateData': function (data) {","","    data = data || {};","","    var hasData = Object.keys(data).length;","    var required = ' required for task creation';","    assert(hasData, 'data' + required);","    assert.number(data.list_id, 'data.list_id' + required);","    assert.string(data.title, 'data.title' + required);","  }","});",""],"l":{"82":1,"83":1,"84":1,"85":1,"86":1,"88":1,"90":1,"91":1,"105":0,"107":0,"113":0,"130":0,"131":0,"132":0,"135":0,"136":0,"141":0,"142":0,"151":0,"153":0,"154":0,"155":0,"156":0,"157":0}},"/home/travis/build/npmtest/node-npmtest-wunderlist/node_modules/wunderlist/public/services/TasksCounts.js":{"path":"/home/travis/build/npmtest/node-npmtest-wunderlist/node_modules/wunderlist/public/services/TasksCounts.js","s":{"1":1,"2":1},"b":{},"f":{},"fnMap":{},"statementMap":{"1":{"start":{"line":24,"column":0},"end":{"line":24,"column":61}},"2":{"start":{"line":26,"column":0},"end":{"line":29,"column":3}}},"branchMap":{},"code":["'use strict';","","/**","  * Provides methods for easy access to tasks_count data.","  * @module services/TasksCount","  * @extends module:services/AuthenticatedService","  * @requires module:services/AuthenticatedService","","  * @example <caption>Create an instance of the TasksCount service</caption>","    var TasksCountService = require('services/TasksCount');","    var taskCounts = new TasksCountService();","","  * @example <caption>Get a list's task counts</caption>","    var listID = 4349587;","    taskCounts.forList(listID)","      .done(function (taskCounts, statusCode) {","        // ...","      })","      .fail(function (resp, code) {","        // ...","      });","  */","","var AuthenticatedService = require('./AuthenticatedService');","","module.exports = AuthenticatedService.extend({","  'baseUrl': '/lists/tasks_count',","  'type': 'tasks_count'","});",""],"l":{"24":1,"26":1}},"/home/travis/build/npmtest/node-npmtest-wunderlist/node_modules/wunderlist/public/services/UnreadActivitiesCounts.js":{"path":"/home/travis/build/npmtest/node-npmtest-wunderlist/node_modules/wunderlist/public/services/UnreadActivitiesCounts.js","s":{"1":1,"2":1},"b":{},"f":{},"fnMap":{},"statementMap":{"1":{"start":{"line":22,"column":0},"end":{"line":22,"column":61}},"2":{"start":{"line":24,"column":0},"end":{"line":27,"column":3}}},"branchMap":{},"code":["'use strict';","","/**","  * Provides access to unread counts for Activities and Comments","  * @module services/UnreadCounts","  * @extends module:services/AuthenticatedService","  * @requires module:services/AuthenticatedService","","  * @example <caption>Get unread counts for Activities and Comments</caption>","    var UnreadCountsService = require('services/UnreadCounts');","    var unreadCounts = new UnreadCountsService();","    unreadCounts.all()","      .done(function (data, statusCode) {","        console.log(data.comments);","        console.log(data.activities);","      })","      .fail(function () {","        // ...","      });","  */","","var AuthenticatedService = require('./AuthenticatedService');","","module.exports = AuthenticatedService.extend({","  'baseUrl': '/unread_activity_counts',","  'type': 'unread_activities_count'","});",""],"l":{"22":1,"24":1}},"/home/travis/build/npmtest/node-npmtest-wunderlist/node_modules/wunderlist/public/services/Uploads.js":{"path":"/home/travis/build/npmtest/node-npmtest-wunderlist/node_modules/wunderlist/public/services/Uploads.js","s":{"1":1,"2":1,"3":0,"4":0,"5":0,"6":0,"7":0,"8":0,"9":0,"10":0},"b":{},"f":{"1":0,"2":0,"3":0},"fnMap":{"1":{"name":"(anonymous_1)","line":46,"loc":{"start":{"line":46,"column":12},"end":{"line":46,"column":39}}},"2":{"name":"(anonymous_2)","line":52,"loc":{"start":{"line":52,"column":13},"end":{"line":52,"column":50}}},"3":{"name":"(anonymous_3)","line":63,"loc":{"start":{"line":63,"column":12},"end":{"line":63,"column":37}}}},"statementMap":{"1":{"start":{"line":39,"column":0},"end":{"line":39,"column":61}},"2":{"start":{"line":41,"column":0},"end":{"line":73,"column":3}},"3":{"start":{"line":48,"column":4},"end":{"line":48,"column":20}},"4":{"start":{"line":49,"column":4},"end":{"line":49,"column":52}},"5":{"start":{"line":54,"column":4},"end":{"line":54,"column":20}},"6":{"start":{"line":56,"column":4},"end":{"line":58,"column":6}},"7":{"start":{"line":60,"column":4},"end":{"line":60,"column":75}},"8":{"start":{"line":65,"column":4},"end":{"line":65,"column":20}},"9":{"start":{"line":67,"column":4},"end":{"line":69,"column":6}},"10":{"start":{"line":71,"column":4},"end":{"line":71,"column":66}}},"branchMap":{},"code":["'use strict';","","/**","  * Provides methods for easy access to uploads data.","  * @module services/Uploads","  * @extends module:services/AuthenticatedService","  * @requires module:services/AuthenticatedService","","  * @example <caption>Create an instance of the Uploads service</caption>","    var UploadsService = require('services/Uploads');","    var uploads = new FilesService();","","  * @example <caption>Create a upload</caption>","","    uploads.create()","      .done(function (uploadData, statusCode) {","        // ...","      })","      .fail(function (resp, code) {","        // ...","      });","","  * @example <caption>Update a upload</caption>","    var uploadID = 777;","    var uploadRevision = 2398;","    var updateData = {","      'state': 'finished'","    };","    uploads.update(uploadID, uploadRevision, updateData)","      .done(function (uploadData, statusCode) {","        // ...","      })","      .fail(function (resp, code) {","        // ...","      });","  */","","","var AuthenticatedService = require('./AuthenticatedService');","","module.exports = AuthenticatedService.extend({","  'baseUrl': '/uploads',","  'type': 'upload',","","  // upload creation does not require data, but preserving","  'create': function (data, requestID) {","","    var self = this;","    return self.post(self.baseUrl, data, requestID);","  },","","  'getPart': function (id, partNumber, requestID) {","","    var self = this;","","    var params = {","      'part_number': partNumber","    };","","    return self.get(self.baseUrl + '/' + id + '/parts', params, requestID);","  },","","  'finish': function (id, requestID) {","","    var self = this;","","    var params = {","      'state': 'finished'","    };","","    return self.patch(self.baseUrl + '/' + id, params, requestID);","  }","});"],"l":{"39":1,"41":1,"48":0,"49":0,"54":0,"56":0,"60":0,"65":0,"67":0,"71":0}},"/home/travis/build/npmtest/node-npmtest-wunderlist/node_modules/wunderlist/public/services/Users.js":{"path":"/home/travis/build/npmtest/node-npmtest-wunderlist/node_modules/wunderlist/public/services/Users.js","s":{"1":1,"2":1},"b":{},"f":{},"fnMap":{},"statementMap":{"1":{"start":{"line":23,"column":0},"end":{"line":23,"column":61}},"2":{"start":{"line":25,"column":0},"end":{"line":28,"column":3}}},"branchMap":{},"code":["'use strict';","","/**","  * Provides methods for easy access to users data.","  * @module services/Users","  * @extends module:services/AuthenticatedService","  * @requires module:services/AuthenticatedService","","  * @example <caption>Create an instance of the Users service</caption>","    var UsersService = require('services/Users');","    var users = new UsersService();","","  * @example <caption>Fetch the users this logged in user can access</caption>","    users.all()","      .done(function (usersData, statusCode) {","        // ...","      })","      .fail(function (resp, code) {","        // ...","      });","  */","","var AuthenticatedService = require('./AuthenticatedService');","","module.exports = AuthenticatedService.extend({","  'baseUrl': '/users',","  'type': 'user'","});",""],"l":{"23":1,"25":1}},"/home/travis/build/npmtest/node-npmtest-wunderlist/node_modules/wunderlist/public/urls.js":{"path":"/home/travis/build/npmtest/node-npmtest-wunderlist/node_modules/wunderlist/public/urls.js","s":{"1":1},"b":{},"f":{},"fnMap":{},"statementMap":{"1":{"start":{"line":3,"column":0},"end":{"line":3,"column":20}}},"branchMap":{},"code":["'use strict';","","module.exports = {};",""],"l":{"3":1}}}